2026-03-10 10:57:56,027 [Worker-5: Loading available Gradle versions] INFO  o.e.b.c.i.u.g.PublishedGradleVersions - Gradle version information cache is up-to-date. Trying to read.
2026-03-10 10:59:50,579 [Worker-6: Loading available Gradle versions] INFO  o.e.b.c.i.u.g.PublishedGradleVersions - Gradle version information cache is up-to-date. Trying to read.
2026-03-10 11:00:38,727 [Worker-6: Maven 依存関係の更新中] INFO  o.e.m.c.i.l.LifecycleMappingFactory - Using org.eclipse.m2e.jdt.JarLifecycleMapping lifecycle mapping for MavenProject: jp.co.sss.shop:shop:0.0.1-SNAPSHOT @ C:\git_repository\shop\pom.xml.
2026-03-10 11:00:39,308 [Worker-0: ビルド] INFO  o.e.m.c.i.l.LifecycleMappingFactory - Using org.eclipse.m2e.jdt.JarLifecycleMapping lifecycle mapping for MavenProject: jp.co.sss.shop:shop:0.0.1-SNAPSHOT @ C:\git_repository\shop\pom.xml.
2026-03-10 11:00:41,477 [Worker-0: ビルド] INFO  o.a.m.s.f.DefaultMavenResourcesFiltering - Copying 1 resource from src\main\resources to target\classes
2026-03-10 11:00:41,517 [Worker-0: ビルド] INFO  o.a.m.s.f.DefaultMavenResourcesFiltering - Copying 9 resources from src\main\resources to target\classes
2026-03-10 11:00:41,546 [Worker-0: ビルド] INFO  o.a.m.s.f.DefaultMavenResourcesFiltering - skip non existing resourceDirectory C:\git_repository\shop\src\test\resources
2026-03-10 11:00:45,082 [Worker-1: Maven 依存関係の更新中] INFO  o.e.m.c.i.l.LifecycleMappingFactory - Using org.eclipse.m2e.jdt.JarLifecycleMapping lifecycle mapping for MavenProject: jp.co.sss.shop:shop:0.0.1-SNAPSHOT @ C:\git_repository\shop\pom.xml.
2026-03-10 11:00:55,156 [Worker-3: ビルド] INFO  o.e.m.c.i.l.LifecycleMappingFactory - Using org.eclipse.m2e.jdt.JarLifecycleMapping lifecycle mapping for MavenProject: jp.co.sss.practice:practice:0.0.1-SNAPSHOT @ C:\git_repository\practice\pom.xml.
2026-03-10 11:00:56,047 [Worker-3: ビルド] INFO  o.a.m.s.f.DefaultMavenResourcesFiltering - Copying 1 resource from src\main\resources to target\classes
2026-03-10 11:00:56,087 [Worker-3: ビルド] INFO  o.a.m.s.f.DefaultMavenResourcesFiltering - Copying 12 resources from src\main\resources to target\classes
2026-03-10 11:00:56,125 [Worker-3: ビルド] INFO  o.a.m.s.f.DefaultMavenResourcesFiltering - skip non existing resourceDirectory C:\git_repository\practice\src\test\resources
2026-03-10 11:00:56,641 [Worker-9: Maven 依存関係の更新中] INFO  o.e.m.c.i.l.LifecycleMappingFactory - Using org.eclipse.m2e.jdt.JarLifecycleMapping lifecycle mapping for MavenProject: jp.co.sss.practice:practice:0.0.1-SNAPSHOT @ C:\git_repository\practice\pom.xml.
2026-03-10 11:01:33,288 [Worker-7: ビルド] INFO  o.a.m.s.f.DefaultMavenResourcesFiltering - Copying 1 resource from src\main\resources to target\classes
2026-03-10 11:01:33,331 [Worker-7: ビルド] INFO  o.a.m.s.f.DefaultMavenResourcesFiltering - Copying 12 resources from src\main\resources to target\classes
2026-03-10 11:01:33,367 [Worker-7: ビルド] INFO  o.a.m.s.f.DefaultMavenResourcesFiltering - skip non existing resourceDirectory C:\git_repository\practice\src\test\resources
2026-03-10 11:01:33,693 [Worker-7: ビルド] INFO  o.a.m.s.f.DefaultMavenResourcesFiltering - Copying 1 resource from src\main\resources to target\classes
2026-03-10 11:01:33,728 [Worker-7: ビルド] INFO  o.a.m.s.f.DefaultMavenResourcesFiltering - Copying 9 resources from src\main\resources to target\classes
2026-03-10 11:01:33,757 [Worker-7: ビルド] INFO  o.a.m.s.f.DefaultMavenResourcesFiltering - skip non existing resourceDirectory C:\git_repository\shop\src\test\resources
2026-03-10 11:02:31,992 [Worker-6: Loading available Gradle versions] INFO  o.e.b.c.i.u.g.PublishedGradleVersions - Gradle version information cache is up-to-date. Trying to read.
2026-03-10 11:05:40,076 [Worker-10: ビルド] INFO  o.a.m.s.f.DefaultMavenResourcesFiltering - Copying 1 resource from src\main\resources to target\classes
2026-03-10 11:05:40,096 [Worker-10: ビルド] INFO  o.a.m.s.f.DefaultMavenResourcesFiltering - Copying 12 resources from src\main\resources to target\classes
2026-03-10 11:05:40,138 [Worker-10: ビルド] INFO  o.a.m.s.f.DefaultMavenResourcesFiltering - skip non existing resourceDirectory C:\git_repository\practice\src\test\resources
2026-03-10 11:05:40,898 [Worker-10: ビルド] INFO  o.a.m.s.f.DefaultMavenResourcesFiltering - Copying 1 resource from src\main\resources to target\classes
2026-03-10 11:05:40,925 [Worker-10: ビルド] INFO  o.a.m.s.f.DefaultMavenResourcesFiltering - Copying 9 resources from src\main\resources to target\classes
2026-03-10 11:05:40,954 [Worker-10: ビルド] INFO  o.a.m.s.f.DefaultMavenResourcesFiltering - skip non existing resourceDirectory C:\git_repository\shop\src\test\resources
2026-03-10 11:08:02,333 [Worker-3: ビルド] INFO  o.a.m.s.f.DefaultMavenResourcesFiltering - Copying 1 resource from src\main\resources to target\classes
2026-03-10 11:08:02,348 [Worker-3: ビルド] INFO  o.a.m.s.f.DefaultMavenResourcesFiltering - Copying 9 resources from src\main\resources to target\classes
2026-03-10 11:08:02,357 [Worker-3: ビルド] INFO  o.a.m.s.f.DefaultMavenResourcesFiltering - skip non existing resourceDirectory C:\git_repository\shop\src\test\resources
2026-03-10 11:08:21,235 [Worker-7: ビルド] INFO  o.a.m.s.f.DefaultMavenResourcesFiltering - Copying 1 resource from src\main\resources to target\classes
2026-03-10 11:08:21,246 [Worker-7: ビルド] INFO  o.a.m.s.f.DefaultMavenResourcesFiltering - Copying 9 resources from src\main\resources to target\classes
2026-03-10 11:08:21,257 [Worker-7: ビルド] INFO  o.a.m.s.f.DefaultMavenResourcesFiltering - skip non existing resourceDirectory C:\git_repository\shop\src\test\resources
2026-03-10 11:09:22,548 [Worker-4: ビルド] INFO  o.a.m.s.f.DefaultMavenResourcesFiltering - Copying 1 resource from src\main\resources to target\classes
2026-03-10 11:09:22,590 [Worker-4: ビルド] INFO  o.a.m.s.f.DefaultMavenResourcesFiltering - Copying 9 resources from src\main\resources to target\classes
2026-03-10 11:09:22,603 [Worker-4: ビルド] INFO  o.a.m.s.f.DefaultMavenResourcesFiltering - skip non existing resourceDirectory C:\git_repository\shop\src\test\resources
2026-03-10 11:09:28,829 [Worker-12: ビルド] INFO  o.a.m.s.f.DefaultMavenResourcesFiltering - Copying 1 resource from src\main\resources to target\classes
2026-03-10 11:09:28,838 [Worker-12: ビルド] INFO  o.a.m.s.f.DefaultMavenResourcesFiltering - Copying 9 resources from src\main\resources to target\classes
2026-03-10 11:09:28,850 [Worker-12: ビルド] INFO  o.a.m.s.f.DefaultMavenResourcesFiltering - skip non existing resourceDirectory C:\git_repository\shop\src\test\resources
2026-03-10 11:10:03,241 [Worker-14: ビルド] INFO  o.a.m.s.f.DefaultMavenResourcesFiltering - Copying 1 resource from src\main\resources to target\classes
2026-03-10 11:10:03,252 [Worker-14: ビルド] INFO  o.a.m.s.f.DefaultMavenResourcesFiltering - Copying 9 resources from src\main\resources to target\classes
2026-03-10 11:10:03,265 [Worker-14: ビルド] INFO  o.a.m.s.f.DefaultMavenResourcesFiltering - skip non existing resourceDirectory C:\git_repository\shop\src\test\resources
2026-03-10 11:10:28,344 [Worker-3: ビルド] INFO  o.a.m.s.f.DefaultMavenResourcesFiltering - Copying 1 resource from src\main\resources to target\classes
2026-03-10 11:10:28,350 [Worker-3: ビルド] INFO  o.a.m.s.f.DefaultMavenResourcesFiltering - Copying 9 resources from src\main\resources to target\classes
2026-03-10 11:10:28,363 [Worker-3: ビルド] INFO  o.a.m.s.f.DefaultMavenResourcesFiltering - skip non existing resourceDirectory C:\git_repository\shop\src\test\resources
2026-03-10 11:35:02,857 [Worker-6: ビルド] INFO  o.a.m.s.f.DefaultMavenResourcesFiltering - Copying 0 resource from src\main\resources to target\classes
2026-03-10 11:35:02,864 [Worker-6: ビルド] INFO  o.a.m.s.f.DefaultMavenResourcesFiltering - Copying 1 resource from src\main\resources to target\classes
2026-03-10 11:35:02,873 [Worker-6: ビルド] INFO  o.a.m.s.f.DefaultMavenResourcesFiltering - skip non existing resourceDirectory C:\git_repository\shop\src\test\resources
2026-03-10 11:35:29,307 [Worker-0: ビルド] INFO  o.a.m.s.f.DefaultMavenResourcesFiltering - Copying 0 resource from src\main\resources to target\classes
2026-03-10 11:35:29,314 [Worker-0: ビルド] INFO  o.a.m.s.f.DefaultMavenResourcesFiltering - Copying 1 resource from src\main\resources to target\classes
2026-03-10 11:35:29,323 [Worker-0: ビルド] INFO  o.a.m.s.f.DefaultMavenResourcesFiltering - skip non existing resourceDirectory C:\git_repository\shop\src\test\resources
2026-03-10 11:35:36,438 [Worker-3: ビルド] INFO  o.a.m.s.f.DefaultMavenResourcesFiltering - Copying 0 resource from src\main\resources to target\classes
2026-03-10 11:35:36,442 [Worker-3: ビルド] INFO  o.a.m.s.f.DefaultMavenResourcesFiltering - Copying 1 resource from src\main\resources to target\classes
2026-03-10 11:35:36,451 [Worker-3: ビルド] INFO  o.a.m.s.f.DefaultMavenResourcesFiltering - skip non existing resourceDirectory C:\git_repository\shop\src\test\resources
2026-03-10 11:37:31,577 [Worker-6: ビルド] INFO  o.a.m.s.f.DefaultMavenResourcesFiltering - Copying 0 resource from src\main\resources to target\classes
2026-03-10 11:37:31,580 [Worker-6: ビルド] INFO  o.a.m.s.f.DefaultMavenResourcesFiltering - Copying 1 resource from src\main\resources to target\classes
2026-03-10 11:37:31,587 [Worker-6: ビルド] INFO  o.a.m.s.f.DefaultMavenResourcesFiltering - skip non existing resourceDirectory C:\git_repository\shop\src\test\resources
2026-03-10 11:37:46,699 [Worker-14: ビルド] INFO  o.a.m.s.f.DefaultMavenResourcesFiltering - Copying 0 resource from src\main\resources to target\classes
2026-03-10 11:37:46,706 [Worker-14: ビルド] INFO  o.a.m.s.f.DefaultMavenResourcesFiltering - Copying 1 resource from src\main\resources to target\classes
2026-03-10 11:37:46,713 [Worker-14: ビルド] INFO  o.a.m.s.f.DefaultMavenResourcesFiltering - skip non existing resourceDirectory C:\git_repository\shop\src\test\resources
2026-03-10 11:38:03,497 [Worker-6: ビルド] INFO  o.a.m.s.f.DefaultMavenResourcesFiltering - Copying 0 resource from src\main\resources to target\classes
2026-03-10 11:38:03,501 [Worker-6: ビルド] INFO  o.a.m.s.f.DefaultMavenResourcesFiltering - Copying 1 resource from src\main\resources to target\classes
2026-03-10 11:38:03,508 [Worker-6: ビルド] INFO  o.a.m.s.f.DefaultMavenResourcesFiltering - skip non existing resourceDirectory C:\git_repository\shop\src\test\resources
2026-03-10 13:04:58,921 [Worker-21: ビルド] INFO  o.a.m.s.f.DefaultMavenResourcesFiltering - Copying 1 resource from src\main\resources to target\classes
2026-03-10 13:04:58,947 [Worker-21: ビルド] INFO  o.a.m.s.f.DefaultMavenResourcesFiltering - Copying 10 resources from src\main\resources to target\classes
2026-03-10 13:04:58,958 [Worker-21: ビルド] INFO  o.a.m.s.f.DefaultMavenResourcesFiltering - skip non existing resourceDirectory C:\git_repository\shop\src\test\resources
2026-03-10 13:05:25,839 [Worker-21: ビルド] INFO  o.a.m.s.f.DefaultMavenResourcesFiltering - Copying 1 resource from src\main\resources to target\classes
2026-03-10 13:05:25,869 [Worker-21: ビルド] INFO  o.a.m.s.f.DefaultMavenResourcesFiltering - Copying 10 resources from src\main\resources to target\classes
2026-03-10 13:05:25,886 [Worker-21: ビルド] INFO  o.a.m.s.f.DefaultMavenResourcesFiltering - skip non existing resourceDirectory C:\git_repository\shop\src\test\resources
2026-03-10 13:05:38,743 [Worker-23: ビルド] INFO  o.a.m.s.f.DefaultMavenResourcesFiltering - Copying 1 resource from src\main\resources to target\classes
2026-03-10 13:05:38,763 [Worker-23: ビルド] INFO  o.a.m.s.f.DefaultMavenResourcesFiltering - Copying 10 resources from src\main\resources to target\classes
2026-03-10 13:05:38,776 [Worker-23: ビルド] INFO  o.a.m.s.f.DefaultMavenResourcesFiltering - skip non existing resourceDirectory C:\git_repository\shop\src\test\resources
2026-03-10 13:05:59,077 [Worker-27: ビルド] INFO  o.a.m.s.f.DefaultMavenResourcesFiltering - Copying 0 resource from src\main\resources to target\classes
2026-03-10 13:05:59,083 [Worker-27: ビルド] INFO  o.a.m.s.f.DefaultMavenResourcesFiltering - Copying 1 resource from src\main\resources to target\classes
2026-03-10 13:05:59,091 [Worker-27: ビルド] INFO  o.a.m.s.f.DefaultMavenResourcesFiltering - skip non existing resourceDirectory C:\git_repository\shop\src\test\resources
2026-03-10 13:18:44,113 [Worker-30: ビルド] INFO  o.a.m.s.f.DefaultMavenResourcesFiltering - Copying 1 resource from src\main\resources to target\classes
2026-03-10 13:18:44,126 [Worker-30: ビルド] INFO  o.a.m.s.f.DefaultMavenResourcesFiltering - Copying 10 resources from src\main\resources to target\classes
2026-03-10 13:18:44,139 [Worker-30: ビルド] INFO  o.a.m.s.f.DefaultMavenResourcesFiltering - skip non existing resourceDirectory C:\git_repository\shop\src\test\resources
2026-03-10 13:19:18,133 [Worker-29: ビルド] INFO  o.a.m.s.f.DefaultMavenResourcesFiltering - Copying 1 resource from src\main\resources to target\classes
2026-03-10 13:19:18,191 [Worker-29: ビルド] INFO  o.a.m.s.f.DefaultMavenResourcesFiltering - Copying 10 resources from src\main\resources to target\classes
2026-03-10 13:19:18,200 [Worker-29: ビルド] INFO  o.a.m.s.f.DefaultMavenResourcesFiltering - skip non existing resourceDirectory C:\git_repository\shop\src\test\resources
2026-03-10 13:19:28,488 [Worker-30: ビルド] INFO  o.a.m.s.f.DefaultMavenResourcesFiltering - Copying 1 resource from src\main\resources to target\classes
2026-03-10 13:19:28,543 [Worker-30: ビルド] INFO  o.a.m.s.f.DefaultMavenResourcesFiltering - Copying 10 resources from src\main\resources to target\classes
2026-03-10 13:19:28,554 [Worker-30: ビルド] INFO  o.a.m.s.f.DefaultMavenResourcesFiltering - skip non existing resourceDirectory C:\git_repository\shop\src\test\resources
2026-03-10 13:19:50,965 [Worker-23: ビルド] INFO  o.a.m.s.f.DefaultMavenResourcesFiltering - Copying 0 resource from src\main\resources to target\classes
2026-03-10 13:19:50,971 [Worker-23: ビルド] INFO  o.a.m.s.f.DefaultMavenResourcesFiltering - Copying 1 resource from src\main\resources to target\classes
2026-03-10 13:19:50,980 [Worker-23: ビルド] INFO  o.a.m.s.f.DefaultMavenResourcesFiltering - skip non existing resourceDirectory C:\git_repository\shop\src\test\resources
2026-03-10 13:28:50,210 [Worker-24: ビルド] ERROR o.e.m.c.i.p.r.ProjectRegistryManager - ファイルが見つかりません: C:\git_repository\practice\pom.xml.
org.eclipse.core.internal.resources.ResourceException: ファイルが見つかりません: C:\git_repository\practice\pom.xml.
	at org.eclipse.core.internal.localstore.FileSystemResourceManager.read(FileSystemResourceManager.java:881)
	at org.eclipse.core.internal.resources.File.getContents(File.java:298)
	at org.eclipse.core.internal.resources.File.getContents(File.java:289)
	at org.eclipse.m2e.core.internal.project.registry.ProjectRegistryManager.refreshPhase2(ProjectRegistryManager.java:586)
	at org.eclipse.m2e.core.internal.project.registry.ProjectRegistryManager.refresh(ProjectRegistryManager.java:488)
	at org.eclipse.m2e.core.internal.project.registry.ProjectRegistryManager.refresh(ProjectRegistryManager.java:367)
	at org.eclipse.m2e.core.internal.project.registry.ProjectRegistryManager.refresh(ProjectRegistryManager.java:319)
	at org.eclipse.m2e.core.internal.builder.MavenBuilder$BuildMethod.getProjectFacade(MavenBuilder.java:146)
	at org.eclipse.m2e.core.internal.builder.MavenBuilder$BuildMethod.lambda$0(MavenBuilder.java:84)
	at org.eclipse.m2e.core.internal.embedder.MavenExecutionContext.executeBare(MavenExecutionContext.java:394)
	at org.eclipse.m2e.core.internal.embedder.MavenExecutionContext.execute(MavenExecutionContext.java:275)
	at org.eclipse.m2e.core.internal.embedder.MavenExecutionContext.execute(MavenExecutionContext.java:214)
	at org.eclipse.m2e.core.internal.builder.MavenBuilder$BuildMethod.execute(MavenBuilder.java:83)
	at org.eclipse.m2e.core.internal.builder.MavenBuilder.build(MavenBuilder.java:192)
	at org.eclipse.core.internal.events.BuildManager$2.run(BuildManager.java:1079)
	at org.eclipse.core.runtime.SafeRunner.run(SafeRunner.java:45)
	at org.eclipse.core.internal.events.BuildManager.basicBuild(BuildManager.java:296)
	at org.eclipse.core.internal.events.BuildManager.basicBuild(BuildManager.java:352)
	at org.eclipse.core.internal.events.BuildManager$1.run(BuildManager.java:441)
	at org.eclipse.core.runtime.SafeRunner.run(SafeRunner.java:45)
	at org.eclipse.core.internal.events.BuildManager.basicBuild(BuildManager.java:444)
	at org.eclipse.core.internal.events.BuildManager.basicBuildLoop(BuildManager.java:555)
	at org.eclipse.core.internal.events.BuildManager.basicBuildLoop(BuildManager.java:503)
	at org.eclipse.core.internal.events.BuildManager.build(BuildManager.java:585)
	at org.eclipse.core.internal.events.AutoBuildJob.doBuild(AutoBuildJob.java:207)
	at org.eclipse.core.internal.events.AutoBuildJob.run(AutoBuildJob.java:300)
	at org.eclipse.core.internal.jobs.Worker.run(Worker.java:63)
Caused by: java.lang.Exception: ファイルが見つかりません: C:\git_repository\practice\pom.xml.
	at org.eclipse.core.internal.resources.ResourceException.provideStackTrace(ResourceException.java:42)
	at org.eclipse.core.internal.resources.ResourceException.<init>(ResourceException.java:38)
	... 27 common frames omitted
2026-03-10 13:35:24,404 [Worker-6: Loading available Gradle versions] INFO  o.e.b.c.i.u.g.PublishedGradleVersions - Gradle version information cache is up-to-date. Trying to read.
2026-03-10 13:35:28,122 [Worker-0: ビルド] INFO  o.e.m.c.i.l.LifecycleMappingFactory - Using org.eclipse.m2e.jdt.JarLifecycleMapping lifecycle mapping for MavenProject: jp.co.sss.practice:practice:0.0.1-SNAPSHOT @ C:\git_repository\practice\pom.xml.
2026-03-10 13:35:29,505 [Worker-0: ビルド] INFO  o.a.m.s.f.DefaultMavenResourcesFiltering - Copying 1 resource from src\main\resources to target\classes
2026-03-10 13:35:29,526 [Worker-0: ビルド] INFO  o.a.m.s.f.DefaultMavenResourcesFiltering - Copying 12 resources from src\main\resources to target\classes
2026-03-10 13:35:29,566 [Worker-0: ビルド] INFO  o.a.m.s.f.DefaultMavenResourcesFiltering - skip non existing resourceDirectory C:\git_repository\practice\src\test\resources
2026-03-10 13:36:04,397 [Worker-1: ビルド] INFO  o.a.m.s.f.DefaultMavenResourcesFiltering - Copying 1 resource from src\main\resources to target\classes
2026-03-10 13:36:04,416 [Worker-1: ビルド] INFO  o.a.m.s.f.DefaultMavenResourcesFiltering - Copying 10 resources from src\main\resources to target\classes
2026-03-10 13:36:04,427 [Worker-1: ビルド] INFO  o.a.m.s.f.DefaultMavenResourcesFiltering - skip non existing resourceDirectory C:\git_repository\shop\src\test\resources
2026-03-10 13:36:05,529 [Worker-5: ビルド] INFO  o.a.m.s.f.DefaultMavenResourcesFiltering - Copying 1 resource from src\main\resources to target\classes
2026-03-10 13:36:05,535 [Worker-5: ビルド] INFO  o.a.m.s.f.DefaultMavenResourcesFiltering - Copying 10 resources from src\main\resources to target\classes
2026-03-10 13:36:05,544 [Worker-5: ビルド] INFO  o.a.m.s.f.DefaultMavenResourcesFiltering - skip non existing resourceDirectory C:\git_repository\shop\src\test\resources
2026-03-10 13:36:27,687 [Worker-4: ビルド] INFO  o.a.m.s.f.DefaultMavenResourcesFiltering - Copying 1 resource from src\main\resources to target\classes
2026-03-10 13:36:27,701 [Worker-4: ビルド] INFO  o.a.m.s.f.DefaultMavenResourcesFiltering - Copying 10 resources from src\main\resources to target\classes
2026-03-10 13:36:27,711 [Worker-4: ビルド] INFO  o.a.m.s.f.DefaultMavenResourcesFiltering - skip non existing resourceDirectory C:\git_repository\shop\src\test\resources
2026-03-10 13:36:53,769 [Worker-0: ビルド] INFO  o.a.m.s.f.DefaultMavenResourcesFiltering - Copying 0 resource from src\main\resources to target\classes
2026-03-10 13:36:53,775 [Worker-0: ビルド] INFO  o.a.m.s.f.DefaultMavenResourcesFiltering - Copying 1 resource from src\main\resources to target\classes
2026-03-10 13:36:53,781 [Worker-0: ビルド] INFO  o.a.m.s.f.DefaultMavenResourcesFiltering - skip non existing resourceDirectory C:\git_repository\shop\src\test\resources
2026-03-10 14:04:24,296 [Worker-11: ビルド] INFO  o.a.m.s.f.DefaultMavenResourcesFiltering - Copying 0 resource from src\main\resources to target\classes
2026-03-10 14:04:24,301 [Worker-11: ビルド] INFO  o.a.m.s.f.DefaultMavenResourcesFiltering - Copying 1 resource from src\main\resources to target\classes
2026-03-10 14:04:24,317 [Worker-11: ビルド] INFO  o.a.m.s.f.DefaultMavenResourcesFiltering - skip non existing resourceDirectory C:\git_repository\shop\src\test\resources
2026-03-10 14:04:33,546 [Worker-11: ビルド] INFO  o.a.m.s.f.DefaultMavenResourcesFiltering - Copying 0 resource from src\main\resources to target\classes
2026-03-10 14:04:33,549 [Worker-11: ビルド] INFO  o.a.m.s.f.DefaultMavenResourcesFiltering - Copying 1 resource from src\main\resources to target\classes
2026-03-10 14:04:33,558 [Worker-11: ビルド] INFO  o.a.m.s.f.DefaultMavenResourcesFiltering - skip non existing resourceDirectory C:\git_repository\shop\src\test\resources
2026-03-10 14:04:37,705 [Worker-13: ビルド] INFO  o.a.m.s.f.DefaultMavenResourcesFiltering - Copying 0 resource from src\main\resources to target\classes
2026-03-10 14:04:37,709 [Worker-13: ビルド] INFO  o.a.m.s.f.DefaultMavenResourcesFiltering - Copying 1 resource from src\main\resources to target\classes
2026-03-10 14:04:37,718 [Worker-13: ビルド] INFO  o.a.m.s.f.DefaultMavenResourcesFiltering - skip non existing resourceDirectory C:\git_repository\shop\src\test\resources
2026-03-10 14:05:03,217 [Worker-5: ビルド] INFO  o.a.m.s.f.DefaultMavenResourcesFiltering - Copying 0 resource from src\main\resources to target\classes
2026-03-10 14:05:03,221 [Worker-5: ビルド] INFO  o.a.m.s.f.DefaultMavenResourcesFiltering - Copying 1 resource from src\main\resources to target\classes
2026-03-10 14:05:03,231 [Worker-5: ビルド] INFO  o.a.m.s.f.DefaultMavenResourcesFiltering - skip non existing resourceDirectory C:\git_repository\shop\src\test\resources
2026-03-10 14:05:06,646 [Worker-13: ビルド] INFO  o.a.m.s.f.DefaultMavenResourcesFiltering - Copying 0 resource from src\main\resources to target\classes
2026-03-10 14:05:06,649 [Worker-13: ビルド] INFO  o.a.m.s.f.DefaultMavenResourcesFiltering - Copying 1 resource from src\main\resources to target\classes
2026-03-10 14:05:06,657 [Worker-13: ビルド] INFO  o.a.m.s.f.DefaultMavenResourcesFiltering - skip non existing resourceDirectory C:\git_repository\shop\src\test\resources
2026-03-10 14:08:20,729 [Worker-11: ビルド] INFO  o.a.m.s.f.DefaultMavenResourcesFiltering - Copying 1 resource from src\main\resources to target\classes
2026-03-10 14:08:20,739 [Worker-11: ビルド] INFO  o.a.m.s.f.DefaultMavenResourcesFiltering - Copying 11 resources from src\main\resources to target\classes
2026-03-10 14:08:20,748 [Worker-11: ビルド] INFO  o.a.m.s.f.DefaultMavenResourcesFiltering - skip non existing resourceDirectory C:\git_repository\shop\src\test\resources
2026-03-10 14:26:12,161 [Worker-15: ビルド] INFO  o.a.m.s.f.DefaultMavenResourcesFiltering - Copying 1 resource from src\main\resources to target\classes
2026-03-10 14:26:12,169 [Worker-15: ビルド] INFO  o.a.m.s.f.DefaultMavenResourcesFiltering - Copying 12 resources from src\main\resources to target\classes
2026-03-10 14:26:12,213 [Worker-15: ビルド] INFO  o.a.m.s.f.DefaultMavenResourcesFiltering - skip non existing resourceDirectory C:\git_repository\practice\src\test\resources
2026-03-10 14:27:40,113 [Worker-16: ビルド] INFO  o.a.m.s.f.DefaultMavenResourcesFiltering - Copying 1 resource from src\main\resources to target\classes
2026-03-10 14:27:40,127 [Worker-16: ビルド] INFO  o.a.m.s.f.DefaultMavenResourcesFiltering - Copying 12 resources from src\main\resources to target\classes
2026-03-10 14:27:40,141 [Worker-16: ビルド] INFO  o.a.m.s.f.DefaultMavenResourcesFiltering - skip non existing resourceDirectory C:\git_repository\practice\src\test\resources
2026-03-10 14:28:32,636 [Worker-11: ビルド] INFO  o.a.m.s.f.DefaultMavenResourcesFiltering - Copying 1 resource from src\main\resources to target\classes
2026-03-10 14:28:32,643 [Worker-11: ビルド] INFO  o.a.m.s.f.DefaultMavenResourcesFiltering - Copying 12 resources from src\main\resources to target\classes
2026-03-10 14:28:32,654 [Worker-11: ビルド] INFO  o.a.m.s.f.DefaultMavenResourcesFiltering - skip non existing resourceDirectory C:\git_repository\practice\src\test\resources
2026-03-10 14:29:59,940 [Worker-16: ビルド] INFO  o.a.m.s.f.DefaultMavenResourcesFiltering - Copying 1 resource from src\main\resources to target\classes
2026-03-10 14:29:59,947 [Worker-16: ビルド] INFO  o.a.m.s.f.DefaultMavenResourcesFiltering - Copying 12 resources from src\main\resources to target\classes
2026-03-10 14:29:59,965 [Worker-16: ビルド] INFO  o.a.m.s.f.DefaultMavenResourcesFiltering - skip non existing resourceDirectory C:\git_repository\practice\src\test\resources
2026-03-10 14:33:38,885 [Worker-14: ビルド] INFO  o.a.m.s.f.DefaultMavenResourcesFiltering - Copying 1 resource from src\main\resources to target\classes
2026-03-10 14:33:38,900 [Worker-14: ビルド] INFO  o.a.m.s.f.DefaultMavenResourcesFiltering - Copying 12 resources from src\main\resources to target\classes
2026-03-10 14:33:38,919 [Worker-14: ビルド] INFO  o.a.m.s.f.DefaultMavenResourcesFiltering - skip non existing resourceDirectory C:\git_repository\practice\src\test\resources
2026-03-10 14:36:16,442 [Worker-17: ビルド] INFO  o.a.m.s.f.DefaultMavenResourcesFiltering - Copying 1 resource from src\main\resources to target\classes
2026-03-10 14:36:16,451 [Worker-17: ビルド] INFO  o.a.m.s.f.DefaultMavenResourcesFiltering - Copying 12 resources from src\main\resources to target\classes
2026-03-10 14:36:16,467 [Worker-17: ビルド] INFO  o.a.m.s.f.DefaultMavenResourcesFiltering - skip non existing resourceDirectory C:\git_repository\practice\src\test\resources
2026-03-10 14:37:52,958 [Worker-17: ビルド] INFO  o.a.m.s.f.DefaultMavenResourcesFiltering - Copying 1 resource from src\main\resources to target\classes
2026-03-10 14:37:52,970 [Worker-17: ビルド] INFO  o.a.m.s.f.DefaultMavenResourcesFiltering - Copying 12 resources from src\main\resources to target\classes
2026-03-10 14:37:52,991 [Worker-17: ビルド] INFO  o.a.m.s.f.DefaultMavenResourcesFiltering - skip non existing resourceDirectory C:\git_repository\practice\src\test\resources
2026-03-10 14:40:04,857 [Worker-14: ビルド] INFO  o.a.m.s.f.DefaultMavenResourcesFiltering - Copying 0 resource from src\main\resources to target\classes
2026-03-10 14:40:04,867 [Worker-14: ビルド] INFO  o.a.m.s.f.DefaultMavenResourcesFiltering - Copying 1 resource from src\main\resources to target\classes
2026-03-10 14:40:04,888 [Worker-14: ビルド] INFO  o.a.m.s.f.DefaultMavenResourcesFiltering - skip non existing resourceDirectory C:\git_repository\practice\src\test\resources
2026-03-10 14:43:35,511 [Worker-17: ビルド] INFO  o.a.m.s.f.DefaultMavenResourcesFiltering - Copying 0 resource from src\main\resources to target\classes
2026-03-10 14:43:35,516 [Worker-17: ビルド] INFO  o.a.m.s.f.DefaultMavenResourcesFiltering - Copying 1 resource from src\main\resources to target\classes
2026-03-10 14:43:35,524 [Worker-17: ビルド] INFO  o.a.m.s.f.DefaultMavenResourcesFiltering - skip non existing resourceDirectory C:\git_repository\practice\src\test\resources
2026-03-10 14:44:20,851 [Worker-18: ビルド] INFO  o.a.m.s.f.DefaultMavenResourcesFiltering - Copying 0 resource from src\main\resources to target\classes
2026-03-10 14:44:20,856 [Worker-18: ビルド] INFO  o.a.m.s.f.DefaultMavenResourcesFiltering - Copying 1 resource from src\main\resources to target\classes
2026-03-10 14:44:20,863 [Worker-18: ビルド] INFO  o.a.m.s.f.DefaultMavenResourcesFiltering - skip non existing resourceDirectory C:\git_repository\practice\src\test\resources
2026-03-10 14:46:29,992 [Worker-14: ビルド] INFO  o.a.m.s.f.DefaultMavenResourcesFiltering - Copying 0 resource from src\main\resources to target\classes
2026-03-10 14:46:29,997 [Worker-14: ビルド] INFO  o.a.m.s.f.DefaultMavenResourcesFiltering - Copying 1 resource from src\main\resources to target\classes
2026-03-10 14:46:30,006 [Worker-14: ビルド] INFO  o.a.m.s.f.DefaultMavenResourcesFiltering - skip non existing resourceDirectory C:\git_repository\practice\src\test\resources
2026-03-10 14:47:07,321 [Worker-20: ビルド] INFO  o.a.m.s.f.DefaultMavenResourcesFiltering - Copying 0 resource from src\main\resources to target\classes
2026-03-10 14:47:07,327 [Worker-20: ビルド] INFO  o.a.m.s.f.DefaultMavenResourcesFiltering - Copying 1 resource from src\main\resources to target\classes
2026-03-10 14:47:07,338 [Worker-20: ビルド] INFO  o.a.m.s.f.DefaultMavenResourcesFiltering - skip non existing resourceDirectory C:\git_repository\practice\src\test\resources
2026-03-10 14:47:35,472 [Worker-18: ビルド] INFO  o.a.m.s.f.DefaultMavenResourcesFiltering - Copying 0 resource from src\main\resources to target\classes
2026-03-10 14:47:35,479 [Worker-18: ビルド] INFO  o.a.m.s.f.DefaultMavenResourcesFiltering - Copying 1 resource from src\main\resources to target\classes
2026-03-10 14:47:35,487 [Worker-18: ビルド] INFO  o.a.m.s.f.DefaultMavenResourcesFiltering - skip non existing resourceDirectory C:\git_repository\practice\src\test\resources
2026-03-10 14:49:46,455 [Worker-20: ビルド] INFO  o.a.m.s.f.DefaultMavenResourcesFiltering - Copying 0 resource from src\main\resources to target\classes
2026-03-10 14:49:46,462 [Worker-20: ビルド] INFO  o.a.m.s.f.DefaultMavenResourcesFiltering - Copying 1 resource from src\main\resources to target\classes
2026-03-10 14:49:46,471 [Worker-20: ビルド] INFO  o.a.m.s.f.DefaultMavenResourcesFiltering - skip non existing resourceDirectory C:\git_repository\practice\src\test\resources
2026-03-10 15:01:06,838 [Worker-18: ビルド] INFO  o.a.m.s.f.DefaultMavenResourcesFiltering - Copying 0 resource from src\main\resources to target\classes
2026-03-10 15:01:06,846 [Worker-18: ビルド] INFO  o.a.m.s.f.DefaultMavenResourcesFiltering - Copying 1 resource from src\main\resources to target\classes
2026-03-10 15:01:06,853 [Worker-18: ビルド] INFO  o.a.m.s.f.DefaultMavenResourcesFiltering - skip non existing resourceDirectory C:\git_repository\practice\src\test\resources
2026-03-10 15:03:57,556 [Worker-19: ビルド] INFO  o.a.m.s.f.DefaultMavenResourcesFiltering - Copying 0 resource from src\main\resources to target\classes
2026-03-10 15:03:57,562 [Worker-19: ビルド] INFO  o.a.m.s.f.DefaultMavenResourcesFiltering - Copying 1 resource from src\main\resources to target\classes
2026-03-10 15:03:57,570 [Worker-19: ビルド] INFO  o.a.m.s.f.DefaultMavenResourcesFiltering - skip non existing resourceDirectory C:\git_repository\practice\src\test\resources
2026-03-10 15:11:07,656 [Worker-19: ビルド] INFO  o.a.m.s.f.DefaultMavenResourcesFiltering - Copying 0 resource from src\main\resources to target\classes
2026-03-10 15:11:07,662 [Worker-19: ビルド] INFO  o.a.m.s.f.DefaultMavenResourcesFiltering - Copying 1 resource from src\main\resources to target\classes
2026-03-10 15:11:07,670 [Worker-19: ビルド] INFO  o.a.m.s.f.DefaultMavenResourcesFiltering - skip non existing resourceDirectory C:\git_repository\practice\src\test\resources
2026-03-10 15:13:18,569 [Worker-26: ビルド] INFO  o.a.m.s.f.DefaultMavenResourcesFiltering - Copying 0 resource from src\main\resources to target\classes
2026-03-10 15:13:18,579 [Worker-26: ビルド] INFO  o.a.m.s.f.DefaultMavenResourcesFiltering - Copying 1 resource from src\main\resources to target\classes
2026-03-10 15:13:18,586 [Worker-26: ビルド] INFO  o.a.m.s.f.DefaultMavenResourcesFiltering - skip non existing resourceDirectory C:\git_repository\practice\src\test\resources
2026-03-10 15:16:42,345 [Worker-28: ビルド] INFO  o.a.m.s.f.DefaultMavenResourcesFiltering - Copying 1 resource from src\main\resources to target\classes
2026-03-10 15:16:42,360 [Worker-28: ビルド] INFO  o.a.m.s.f.DefaultMavenResourcesFiltering - Copying 14 resources from src\main\resources to target\classes
2026-03-10 15:16:42,377 [Worker-28: ビルド] INFO  o.a.m.s.f.DefaultMavenResourcesFiltering - skip non existing resourceDirectory C:\git_repository\practice\src\test\resources
2026-03-10 15:19:01,214 [Worker-27: ビルド] INFO  o.a.m.s.f.DefaultMavenResourcesFiltering - Copying 1 resource from src\main\resources to target\classes
2026-03-10 15:19:01,245 [Worker-27: ビルド] INFO  o.a.m.s.f.DefaultMavenResourcesFiltering - Copying 14 resources from src\main\resources to target\classes
2026-03-10 15:19:01,264 [Worker-27: ビルド] INFO  o.a.m.s.f.DefaultMavenResourcesFiltering - skip non existing resourceDirectory C:\git_repository\practice\src\test\resources
2026-03-10 15:24:47,789 [Worker-9: ビルド] INFO  o.a.m.s.f.DefaultMavenResourcesFiltering - Copying 1 resource from src\main\resources to target\classes
2026-03-10 15:24:47,799 [Worker-9: ビルド] INFO  o.a.m.s.f.DefaultMavenResourcesFiltering - Copying 14 resources from src\main\resources to target\classes
2026-03-10 15:24:47,809 [Worker-9: ビルド] INFO  o.a.m.s.f.DefaultMavenResourcesFiltering - skip non existing resourceDirectory C:\git_repository\practice\src\test\resources
2026-03-10 15:25:21,782 [Worker-27: ビルド] INFO  o.a.m.s.f.DefaultMavenResourcesFiltering - Copying 1 resource from src\main\resources to target\classes
2026-03-10 15:25:21,794 [Worker-27: ビルド] INFO  o.a.m.s.f.DefaultMavenResourcesFiltering - Copying 14 resources from src\main\resources to target\classes
2026-03-10 15:25:21,809 [Worker-27: ビルド] INFO  o.a.m.s.f.DefaultMavenResourcesFiltering - skip non existing resourceDirectory C:\git_repository\practice\src\test\resources
2026-03-10 15:26:10,683 [Worker-30: ビルド] INFO  o.a.m.s.f.DefaultMavenResourcesFiltering - Copying 1 resource from src\main\resources to target\classes
2026-03-10 15:26:10,695 [Worker-30: ビルド] INFO  o.a.m.s.f.DefaultMavenResourcesFiltering - Copying 14 resources from src\main\resources to target\classes
2026-03-10 15:26:10,710 [Worker-30: ビルド] INFO  o.a.m.s.f.DefaultMavenResourcesFiltering - skip non existing resourceDirectory C:\git_repository\practice\src\test\resources
2026-03-10 15:27:36,344 [Worker-30: ビルド] INFO  o.a.m.s.f.DefaultMavenResourcesFiltering - Copying 1 resource from src\main\resources to target\classes
2026-03-10 15:27:36,358 [Worker-30: ビルド] INFO  o.a.m.s.f.DefaultMavenResourcesFiltering - Copying 14 resources from src\main\resources to target\classes
2026-03-10 15:27:36,372 [Worker-30: ビルド] INFO  o.a.m.s.f.DefaultMavenResourcesFiltering - skip non existing resourceDirectory C:\git_repository\practice\src\test\resources
2026-03-10 15:29:23,684 [Worker-19: ビルド] INFO  o.a.m.s.f.DefaultMavenResourcesFiltering - Copying 1 resource from src\main\resources to target\classes
2026-03-10 15:29:23,695 [Worker-19: ビルド] INFO  o.a.m.s.f.DefaultMavenResourcesFiltering - Copying 14 resources from src\main\resources to target\classes
2026-03-10 15:29:23,708 [Worker-19: ビルド] INFO  o.a.m.s.f.DefaultMavenResourcesFiltering - skip non existing resourceDirectory C:\git_repository\practice\src\test\resources
2026-03-10 15:31:26,889 [Worker-19: ビルド] INFO  o.a.m.s.f.DefaultMavenResourcesFiltering - Copying 1 resource from src\main\resources to target\classes
2026-03-10 15:31:26,897 [Worker-19: ビルド] INFO  o.a.m.s.f.DefaultMavenResourcesFiltering - Copying 14 resources from src\main\resources to target\classes
2026-03-10 15:31:26,915 [Worker-19: ビルド] INFO  o.a.m.s.f.DefaultMavenResourcesFiltering - skip non existing resourceDirectory C:\git_repository\practice\src\test\resources
2026-03-10 15:32:14,595 [Worker-30: ビルド] INFO  o.a.m.s.f.DefaultMavenResourcesFiltering - Copying 1 resource from src\main\resources to target\classes
2026-03-10 15:32:14,602 [Worker-30: ビルド] INFO  o.a.m.s.f.DefaultMavenResourcesFiltering - Copying 14 resources from src\main\resources to target\classes
2026-03-10 15:32:14,612 [Worker-30: ビルド] INFO  o.a.m.s.f.DefaultMavenResourcesFiltering - skip non existing resourceDirectory C:\git_repository\practice\src\test\resources
2026-03-10 15:34:40,221 [Worker-30: ビルド] INFO  o.a.m.s.f.DefaultMavenResourcesFiltering - Copying 1 resource from src\main\resources to target\classes
2026-03-10 15:34:40,245 [Worker-30: ビルド] INFO  o.a.m.s.f.DefaultMavenResourcesFiltering - Copying 14 resources from src\main\resources to target\classes
2026-03-10 15:34:40,260 [Worker-30: ビルド] INFO  o.a.m.s.f.DefaultMavenResourcesFiltering - skip non existing resourceDirectory C:\git_repository\practice\src\test\resources
2026-03-10 15:35:55,948 [Worker-9: ビルド] INFO  o.a.m.s.f.DefaultMavenResourcesFiltering - Copying 1 resource from src\main\resources to target\classes
2026-03-10 15:35:55,954 [Worker-9: ビルド] INFO  o.a.m.s.f.DefaultMavenResourcesFiltering - Copying 14 resources from src\main\resources to target\classes
2026-03-10 15:35:55,963 [Worker-9: ビルド] INFO  o.a.m.s.f.DefaultMavenResourcesFiltering - skip non existing resourceDirectory C:\git_repository\practice\src\test\resources
2026-03-10 15:37:50,507 [Worker-19: ビルド] INFO  o.a.m.s.f.DefaultMavenResourcesFiltering - Copying 1 resource from src\main\resources to target\classes
2026-03-10 15:37:50,517 [Worker-19: ビルド] INFO  o.a.m.s.f.DefaultMavenResourcesFiltering - Copying 14 resources from src\main\resources to target\classes
2026-03-10 15:37:50,528 [Worker-19: ビルド] INFO  o.a.m.s.f.DefaultMavenResourcesFiltering - skip non existing resourceDirectory C:\git_repository\practice\src\test\resources
2026-03-10 15:41:07,178 [Worker-19: ビルド] INFO  o.a.m.s.f.DefaultMavenResourcesFiltering - Copying 1 resource from src\main\resources to target\classes
2026-03-10 15:41:07,191 [Worker-19: ビルド] INFO  o.a.m.s.f.DefaultMavenResourcesFiltering - Copying 14 resources from src\main\resources to target\classes
2026-03-10 15:41:07,205 [Worker-19: ビルド] INFO  o.a.m.s.f.DefaultMavenResourcesFiltering - skip non existing resourceDirectory C:\git_repository\practice\src\test\resources
2026-03-10 15:41:35,015 [Worker-28: ビルド] INFO  o.a.m.s.f.DefaultMavenResourcesFiltering - Copying 1 resource from src\main\resources to target\classes
2026-03-10 15:41:35,029 [Worker-28: ビルド] INFO  o.a.m.s.f.DefaultMavenResourcesFiltering - Copying 14 resources from src\main\resources to target\classes
2026-03-10 15:41:35,042 [Worker-28: ビルド] INFO  o.a.m.s.f.DefaultMavenResourcesFiltering - skip non existing resourceDirectory C:\git_repository\practice\src\test\resources
2026-03-10 15:42:17,531 [Worker-27: ビルド] INFO  o.a.m.s.f.DefaultMavenResourcesFiltering - Copying 0 resource from src\main\resources to target\classes
2026-03-10 15:42:17,539 [Worker-27: ビルド] INFO  o.a.m.s.f.DefaultMavenResourcesFiltering - Copying 1 resource from src\main\resources to target\classes
2026-03-10 15:42:17,554 [Worker-27: ビルド] INFO  o.a.m.s.f.DefaultMavenResourcesFiltering - skip non existing resourceDirectory C:\git_repository\practice\src\test\resources
2026-03-10 15:43:01,229 [Worker-29: ビルド] INFO  o.a.m.s.f.DefaultMavenResourcesFiltering - Copying 0 resource from src\main\resources to target\classes
2026-03-10 15:43:01,237 [Worker-29: ビルド] INFO  o.a.m.s.f.DefaultMavenResourcesFiltering - Copying 1 resource from src\main\resources to target\classes
2026-03-10 15:43:01,244 [Worker-29: ビルド] INFO  o.a.m.s.f.DefaultMavenResourcesFiltering - skip non existing resourceDirectory C:\git_repository\practice\src\test\resources
2026-03-10 15:43:10,779 [Worker-30: ビルド] INFO  o.a.m.s.f.DefaultMavenResourcesFiltering - Copying 0 resource from src\main\resources to target\classes
2026-03-10 15:43:10,788 [Worker-30: ビルド] INFO  o.a.m.s.f.DefaultMavenResourcesFiltering - Copying 1 resource from src\main\resources to target\classes
2026-03-10 15:43:10,793 [Worker-30: ビルド] INFO  o.a.m.s.f.DefaultMavenResourcesFiltering - skip non existing resourceDirectory C:\git_repository\practice\src\test\resources
2026-03-10 15:43:30,974 [Worker-29: ビルド] INFO  o.a.m.s.f.DefaultMavenResourcesFiltering - Copying 0 resource from src\main\resources to target\classes
2026-03-10 15:43:30,983 [Worker-29: ビルド] INFO  o.a.m.s.f.DefaultMavenResourcesFiltering - Copying 1 resource from src\main\resources to target\classes
2026-03-10 15:43:31,000 [Worker-29: ビルド] INFO  o.a.m.s.f.DefaultMavenResourcesFiltering - skip non existing resourceDirectory C:\git_repository\practice\src\test\resources
2026-03-10 15:44:13,673 [Worker-30: ビルド] INFO  o.a.m.s.f.DefaultMavenResourcesFiltering - Copying 0 resource from src\main\resources to target\classes
2026-03-10 15:44:13,680 [Worker-30: ビルド] INFO  o.a.m.s.f.DefaultMavenResourcesFiltering - Copying 1 resource from src\main\resources to target\classes
2026-03-10 15:44:13,687 [Worker-30: ビルド] INFO  o.a.m.s.f.DefaultMavenResourcesFiltering - skip non existing resourceDirectory C:\git_repository\practice\src\test\resources
2026-03-10 15:45:04,548 [Worker-28: ビルド] INFO  o.a.m.s.f.DefaultMavenResourcesFiltering - Copying 1 resource from src\main\resources to target\classes
2026-03-10 15:45:04,561 [Worker-28: ビルド] INFO  o.a.m.s.f.DefaultMavenResourcesFiltering - Copying 16 resources from src\main\resources to target\classes
2026-03-10 15:45:04,577 [Worker-28: ビルド] INFO  o.a.m.s.f.DefaultMavenResourcesFiltering - skip non existing resourceDirectory C:\git_repository\practice\src\test\resources
2026-03-10 15:45:14,415 [Worker-27: ビルド] INFO  o.a.m.s.f.DefaultMavenResourcesFiltering - Copying 1 resource from src\main\resources to target\classes
2026-03-10 15:45:14,430 [Worker-27: ビルド] INFO  o.a.m.s.f.DefaultMavenResourcesFiltering - Copying 16 resources from src\main\resources to target\classes
2026-03-10 15:45:14,445 [Worker-27: ビルド] INFO  o.a.m.s.f.DefaultMavenResourcesFiltering - skip non existing resourceDirectory C:\git_repository\practice\src\test\resources
2026-03-10 15:46:04,756 [Worker-30: ビルド] INFO  o.a.m.s.f.DefaultMavenResourcesFiltering - Copying 0 resource from src\main\resources to target\classes
2026-03-10 15:46:04,766 [Worker-30: ビルド] INFO  o.a.m.s.f.DefaultMavenResourcesFiltering - Copying 1 resource from src\main\resources to target\classes
2026-03-10 15:46:04,781 [Worker-30: ビルド] INFO  o.a.m.s.f.DefaultMavenResourcesFiltering - skip non existing resourceDirectory C:\git_repository\practice\src\test\resources
2026-03-10 15:46:31,735 [Worker-9: ビルド] INFO  o.a.m.s.f.DefaultMavenResourcesFiltering - Copying 0 resource from src\main\resources to target\classes
2026-03-10 15:46:31,745 [Worker-9: ビルド] INFO  o.a.m.s.f.DefaultMavenResourcesFiltering - Copying 1 resource from src\main\resources to target\classes
2026-03-10 15:46:31,751 [Worker-9: ビルド] INFO  o.a.m.s.f.DefaultMavenResourcesFiltering - skip non existing resourceDirectory C:\git_repository\practice\src\test\resources
2026-03-10 15:46:50,239 [Worker-30: ビルド] INFO  o.a.m.s.f.DefaultMavenResourcesFiltering - Copying 0 resource from src\main\resources to target\classes
2026-03-10 15:46:50,246 [Worker-30: ビルド] INFO  o.a.m.s.f.DefaultMavenResourcesFiltering - Copying 1 resource from src\main\resources to target\classes
2026-03-10 15:46:50,254 [Worker-30: ビルド] INFO  o.a.m.s.f.DefaultMavenResourcesFiltering - skip non existing resourceDirectory C:\git_repository\practice\src\test\resources
2026-03-10 15:47:10,025 [Worker-29: ビルド] INFO  o.a.m.s.f.DefaultMavenResourcesFiltering - Copying 0 resource from src\main\resources to target\classes
2026-03-10 15:47:10,031 [Worker-29: ビルド] INFO  o.a.m.s.f.DefaultMavenResourcesFiltering - Copying 1 resource from src\main\resources to target\classes
2026-03-10 15:47:10,039 [Worker-29: ビルド] INFO  o.a.m.s.f.DefaultMavenResourcesFiltering - skip non existing resourceDirectory C:\git_repository\practice\src\test\resources
2026-03-10 15:47:26,657 [Worker-19: ビルド] INFO  o.a.m.s.f.DefaultMavenResourcesFiltering - Copying 0 resource from src\main\resources to target\classes
2026-03-10 15:47:26,666 [Worker-19: ビルド] INFO  o.a.m.s.f.DefaultMavenResourcesFiltering - Copying 1 resource from src\main\resources to target\classes
2026-03-10 15:47:26,678 [Worker-19: ビルド] INFO  o.a.m.s.f.DefaultMavenResourcesFiltering - skip non existing resourceDirectory C:\git_repository\practice\src\test\resources
2026-03-10 15:47:50,348 [Worker-29: ビルド] INFO  o.a.m.s.f.DefaultMavenResourcesFiltering - Copying 0 resource from src\main\resources to target\classes
2026-03-10 15:47:50,357 [Worker-29: ビルド] INFO  o.a.m.s.f.DefaultMavenResourcesFiltering - Copying 1 resource from src\main\resources to target\classes
2026-03-10 15:47:50,364 [Worker-29: ビルド] INFO  o.a.m.s.f.DefaultMavenResourcesFiltering - skip non existing resourceDirectory C:\git_repository\practice\src\test\resources
2026-03-10 15:48:05,999 [Worker-19: ビルド] INFO  o.a.m.s.f.DefaultMavenResourcesFiltering - Copying 0 resource from src\main\resources to target\classes
2026-03-10 15:48:06,007 [Worker-19: ビルド] INFO  o.a.m.s.f.DefaultMavenResourcesFiltering - Copying 1 resource from src\main\resources to target\classes
2026-03-10 15:48:06,013 [Worker-19: ビルド] INFO  o.a.m.s.f.DefaultMavenResourcesFiltering - skip non existing resourceDirectory C:\git_repository\practice\src\test\resources
2026-03-10 16:21:50,925 [Worker-19: ビルド] INFO  o.a.m.s.f.DefaultMavenResourcesFiltering - Copying 1 resource from src\main\resources to target\classes
2026-03-10 16:21:50,990 [Worker-19: ビルド] INFO  o.a.m.s.f.DefaultMavenResourcesFiltering - Copying 0 resource from src\main\resources to target\classes
2026-03-10 16:21:50,994 [Worker-19: ビルド] INFO  o.a.m.s.f.DefaultMavenResourcesFiltering - skip non existing resourceDirectory C:\git_repository\practice\src\test\resources
2026-03-10 16:22:51,733 [Worker-29: ビルド] INFO  o.e.m.c.i.l.LifecycleMappingFactory - Using org.eclipse.m2e.jdt.JarLifecycleMapping lifecycle mapping for MavenProject: jp.co.sss.practice:practice:0.0.1-SNAPSHOT @ C:\git_repository\practice\pom.xml.
2026-03-10 16:22:53,097 [Worker-29: ビルド] INFO  o.a.m.s.f.DefaultMavenResourcesFiltering - Copying 0 resource from src\main\resources to target\classes
2026-03-10 16:22:53,105 [Worker-29: ビルド] INFO  o.a.m.s.f.DefaultMavenResourcesFiltering - Copying 0 resource from src\main\resources to target\classes
2026-03-10 16:22:53,113 [Worker-29: ビルド] INFO  o.a.m.s.f.DefaultMavenResourcesFiltering - skip non existing resourceDirectory C:\git_repository\practice\src\test\resources
2026-03-10 16:23:05,478 [Worker-29: Executing clean in C__git_repository_practice の起動] INFO  o.eclipse.m2e.core.internal.Bundles - getClasspathEntries(Bundle=org.eclipse.m2e.maven.runtime_3.9.400.20230826-0755 [295])
2026-03-10 16:23:05,481 [Worker-29: Executing clean in C__git_repository_practice の起動] INFO  o.eclipse.m2e.core.internal.Bundles - 	Entry: C:\pleiades\2023-09\eclipse\plugins\org.eclipse.m2e.maven.runtime_3.9.400.20230826-0755
2026-03-10 16:23:05,481 [Worker-29: Executing clean in C__git_repository_practice の起動] INFO  o.eclipse.m2e.core.internal.Bundles - 	Entry: C:\pleiades\2023-09\eclipse\plugins\org.eclipse.m2e.maven.runtime_3.9.400.20230826-0755\jars\aether-connector-okhttp-0.17.8.jar
2026-03-10 16:23:05,483 [Worker-29: Executing clean in C__git_repository_practice の起動] INFO  o.eclipse.m2e.core.internal.Bundles - 	Entry: C:\pleiades\2023-09\eclipse\plugins\org.eclipse.m2e.maven.runtime_3.9.400.20230826-0755\jars\aopalliance-1.0.jar
2026-03-10 16:23:05,483 [Worker-29: Executing clean in C__git_repository_practice の起動] INFO  o.eclipse.m2e.core.internal.Bundles - 	Entry: C:\pleiades\2023-09\eclipse\plugins\org.eclipse.m2e.maven.runtime_3.9.400.20230826-0755\jars\commons-lang3-3.12.0.jar
2026-03-10 16:23:05,483 [Worker-29: Executing clean in C__git_repository_practice の起動] INFO  o.eclipse.m2e.core.internal.Bundles - 	Entry: C:\pleiades\2023-09\eclipse\plugins\org.eclipse.m2e.maven.runtime_3.9.400.20230826-0755\jars\guice-5.1.0.jar
2026-03-10 16:23:05,483 [Worker-29: Executing clean in C__git_repository_practice の起動] INFO  o.eclipse.m2e.core.internal.Bundles - 	Entry: C:\pleiades\2023-09\eclipse\plugins\org.eclipse.m2e.maven.runtime_3.9.400.20230826-0755\jars\jansi-2.4.0.jar
2026-03-10 16:23:05,484 [Worker-29: Executing clean in C__git_repository_practice の起動] INFO  o.eclipse.m2e.core.internal.Bundles - 	Entry: C:\pleiades\2023-09\eclipse\plugins\org.eclipse.m2e.maven.runtime_3.9.400.20230826-0755\jars\maven-artifact-3.9.4.jar
2026-03-10 16:23:05,484 [Worker-29: Executing clean in C__git_repository_practice の起動] INFO  o.eclipse.m2e.core.internal.Bundles - 	Entry: C:\pleiades\2023-09\eclipse\plugins\org.eclipse.m2e.maven.runtime_3.9.400.20230826-0755\jars\maven-builder-support-3.9.4.jar
2026-03-10 16:23:05,484 [Worker-29: Executing clean in C__git_repository_practice の起動] INFO  o.eclipse.m2e.core.internal.Bundles - 	Entry: C:\pleiades\2023-09\eclipse\plugins\org.eclipse.m2e.maven.runtime_3.9.400.20230826-0755\jars\maven-compat-3.9.4.jar
2026-03-10 16:23:05,484 [Worker-29: Executing clean in C__git_repository_practice の起動] INFO  o.eclipse.m2e.core.internal.Bundles - 	Entry: C:\pleiades\2023-09\eclipse\plugins\org.eclipse.m2e.maven.runtime_3.9.400.20230826-0755\jars\maven-core-3.9.4.jar
2026-03-10 16:23:05,484 [Worker-29: Executing clean in C__git_repository_practice の起動] INFO  o.eclipse.m2e.core.internal.Bundles - 	Entry: C:\pleiades\2023-09\eclipse\plugins\org.eclipse.m2e.maven.runtime_3.9.400.20230826-0755\jars\maven-embedder-3.9.4.jar
2026-03-10 16:23:05,485 [Worker-29: Executing clean in C__git_repository_practice の起動] INFO  o.eclipse.m2e.core.internal.Bundles - 	Entry: C:\pleiades\2023-09\eclipse\plugins\org.eclipse.m2e.maven.runtime_3.9.400.20230826-0755\jars\maven-model-3.9.4.jar
2026-03-10 16:23:05,485 [Worker-29: Executing clean in C__git_repository_practice の起動] INFO  o.eclipse.m2e.core.internal.Bundles - 	Entry: C:\pleiades\2023-09\eclipse\plugins\org.eclipse.m2e.maven.runtime_3.9.400.20230826-0755\jars\maven-model-builder-3.9.4.jar
2026-03-10 16:23:05,485 [Worker-29: Executing clean in C__git_repository_practice の起動] INFO  o.eclipse.m2e.core.internal.Bundles - 	Entry: C:\pleiades\2023-09\eclipse\plugins\org.eclipse.m2e.maven.runtime_3.9.400.20230826-0755\jars\maven-plugin-api-3.9.4.jar
2026-03-10 16:23:05,485 [Worker-29: Executing clean in C__git_repository_practice の起動] INFO  o.eclipse.m2e.core.internal.Bundles - 	Entry: C:\pleiades\2023-09\eclipse\plugins\org.eclipse.m2e.maven.runtime_3.9.400.20230826-0755\jars\maven-repository-metadata-3.9.4.jar
2026-03-10 16:23:05,486 [Worker-29: Executing clean in C__git_repository_practice の起動] INFO  o.eclipse.m2e.core.internal.Bundles - 	Entry: C:\pleiades\2023-09\eclipse\plugins\org.eclipse.m2e.maven.runtime_3.9.400.20230826-0755\jars\maven-resolver-api-1.9.14.jar
2026-03-10 16:23:05,486 [Worker-29: Executing clean in C__git_repository_practice の起動] INFO  o.eclipse.m2e.core.internal.Bundles - 	Entry: C:\pleiades\2023-09\eclipse\plugins\org.eclipse.m2e.maven.runtime_3.9.400.20230826-0755\jars\maven-resolver-connector-basic-1.9.14.jar
2026-03-10 16:23:05,486 [Worker-29: Executing clean in C__git_repository_practice の起動] INFO  o.eclipse.m2e.core.internal.Bundles - 	Entry: C:\pleiades\2023-09\eclipse\plugins\org.eclipse.m2e.maven.runtime_3.9.400.20230826-0755\jars\maven-resolver-impl-1.9.14.jar
2026-03-10 16:23:05,486 [Worker-29: Executing clean in C__git_repository_practice の起動] INFO  o.eclipse.m2e.core.internal.Bundles - 	Entry: C:\pleiades\2023-09\eclipse\plugins\org.eclipse.m2e.maven.runtime_3.9.400.20230826-0755\jars\maven-resolver-named-locks-1.9.14.jar
2026-03-10 16:23:05,486 [Worker-29: Executing clean in C__git_repository_practice の起動] INFO  o.eclipse.m2e.core.internal.Bundles - 	Entry: C:\pleiades\2023-09\eclipse\plugins\org.eclipse.m2e.maven.runtime_3.9.400.20230826-0755\jars\maven-resolver-provider-3.9.4.jar
2026-03-10 16:23:05,487 [Worker-29: Executing clean in C__git_repository_practice の起動] INFO  o.eclipse.m2e.core.internal.Bundles - 	Entry: C:\pleiades\2023-09\eclipse\plugins\org.eclipse.m2e.maven.runtime_3.9.400.20230826-0755\jars\maven-resolver-spi-1.9.14.jar
2026-03-10 16:23:05,487 [Worker-29: Executing clean in C__git_repository_practice の起動] INFO  o.eclipse.m2e.core.internal.Bundles - 	Entry: C:\pleiades\2023-09\eclipse\plugins\org.eclipse.m2e.maven.runtime_3.9.400.20230826-0755\jars\maven-resolver-transport-wagon-1.9.14.jar
2026-03-10 16:23:05,487 [Worker-29: Executing clean in C__git_repository_practice の起動] INFO  o.eclipse.m2e.core.internal.Bundles - 	Entry: C:\pleiades\2023-09\eclipse\plugins\org.eclipse.m2e.maven.runtime_3.9.400.20230826-0755\jars\maven-resolver-util-1.9.14.jar
2026-03-10 16:23:05,487 [Worker-29: Executing clean in C__git_repository_practice の起動] INFO  o.eclipse.m2e.core.internal.Bundles - 	Entry: C:\pleiades\2023-09\eclipse\plugins\org.eclipse.m2e.maven.runtime_3.9.400.20230826-0755\jars\maven-settings-3.9.4.jar
2026-03-10 16:23:05,487 [Worker-29: Executing clean in C__git_repository_practice の起動] INFO  o.eclipse.m2e.core.internal.Bundles - 	Entry: C:\pleiades\2023-09\eclipse\plugins\org.eclipse.m2e.maven.runtime_3.9.400.20230826-0755\jars\maven-settings-builder-3.9.4.jar
2026-03-10 16:23:05,488 [Worker-29: Executing clean in C__git_repository_practice の起動] INFO  o.eclipse.m2e.core.internal.Bundles - 	Entry: C:\pleiades\2023-09\eclipse\plugins\org.eclipse.m2e.maven.runtime_3.9.400.20230826-0755\jars\maven-shared-utils-3.3.4.jar
2026-03-10 16:23:05,488 [Worker-29: Executing clean in C__git_repository_practice の起動] INFO  o.eclipse.m2e.core.internal.Bundles - 	Entry: C:\pleiades\2023-09\eclipse\plugins\org.eclipse.m2e.maven.runtime_3.9.400.20230826-0755\jars\okhttp-3.14.1.jar
2026-03-10 16:23:05,488 [Worker-29: Executing clean in C__git_repository_practice の起動] INFO  o.eclipse.m2e.core.internal.Bundles - 	Entry: C:\pleiades\2023-09\eclipse\plugins\org.eclipse.m2e.maven.runtime_3.9.400.20230826-0755\jars\okio-1.17.3.jar
2026-03-10 16:23:05,488 [Worker-29: Executing clean in C__git_repository_practice の起動] INFO  o.eclipse.m2e.core.internal.Bundles - 	Entry: C:\pleiades\2023-09\eclipse\plugins\org.eclipse.m2e.maven.runtime_3.9.400.20230826-0755\jars\org.eclipse.sisu.inject-0.3.5.jar
2026-03-10 16:23:05,488 [Worker-29: Executing clean in C__git_repository_practice の起動] INFO  o.eclipse.m2e.core.internal.Bundles - 	Entry: C:\pleiades\2023-09\eclipse\plugins\org.eclipse.m2e.maven.runtime_3.9.400.20230826-0755\jars\org.eclipse.sisu.plexus-0.3.5.jar
2026-03-10 16:23:05,489 [Worker-29: Executing clean in C__git_repository_practice の起動] INFO  o.eclipse.m2e.core.internal.Bundles - 	Entry: C:\pleiades\2023-09\eclipse\plugins\org.eclipse.m2e.maven.runtime_3.9.400.20230826-0755\jars\plexus-build-api-0.0.7.jar
2026-03-10 16:23:05,489 [Worker-29: Executing clean in C__git_repository_practice の起動] INFO  o.eclipse.m2e.core.internal.Bundles - 	Entry: C:\pleiades\2023-09\eclipse\plugins\org.eclipse.m2e.maven.runtime_3.9.400.20230826-0755\jars\plexus-cipher-2.0.jar
2026-03-10 16:23:05,489 [Worker-29: Executing clean in C__git_repository_practice の起動] INFO  o.eclipse.m2e.core.internal.Bundles - 	Entry: C:\pleiades\2023-09\eclipse\plugins\org.eclipse.m2e.maven.runtime_3.9.400.20230826-0755\jars\plexus-classworlds-2.7.0.jar
2026-03-10 16:23:05,489 [Worker-29: Executing clean in C__git_repository_practice の起動] INFO  o.eclipse.m2e.core.internal.Bundles - 	Entry: C:\pleiades\2023-09\eclipse\plugins\org.eclipse.m2e.maven.runtime_3.9.400.20230826-0755\jars\plexus-component-annotations-2.1.0.jar
2026-03-10 16:23:05,490 [Worker-29: Executing clean in C__git_repository_practice の起動] INFO  o.eclipse.m2e.core.internal.Bundles - 	Entry: C:\pleiades\2023-09\eclipse\plugins\org.eclipse.m2e.maven.runtime_3.9.400.20230826-0755\jars\plexus-interpolation-1.26.jar
2026-03-10 16:23:05,490 [Worker-29: Executing clean in C__git_repository_practice の起動] INFO  o.eclipse.m2e.core.internal.Bundles - 	Entry: C:\pleiades\2023-09\eclipse\plugins\org.eclipse.m2e.maven.runtime_3.9.400.20230826-0755\jars\plexus-sec-dispatcher-2.0.jar
2026-03-10 16:23:05,490 [Worker-29: Executing clean in C__git_repository_practice の起動] INFO  o.eclipse.m2e.core.internal.Bundles - 	Entry: C:\pleiades\2023-09\eclipse\plugins\org.eclipse.m2e.maven.runtime_3.9.400.20230826-0755\jars\plexus-utils-3.5.1.jar
2026-03-10 16:23:05,490 [Worker-29: Executing clean in C__git_repository_practice の起動] INFO  o.eclipse.m2e.core.internal.Bundles - 	Entry: C:\pleiades\2023-09\eclipse\plugins\org.eclipse.m2e.maven.runtime_3.9.400.20230826-0755\jars\wagon-file-3.5.3.jar
2026-03-10 16:23:05,490 [Worker-29: Executing clean in C__git_repository_practice の起動] INFO  o.eclipse.m2e.core.internal.Bundles - 	Entry: C:\pleiades\2023-09\eclipse\plugins\org.eclipse.m2e.maven.runtime_3.9.400.20230826-0755\jars\wagon-provider-api-3.5.3.jar
2026-03-10 16:23:05,492 [Worker-29: Executing clean in C__git_repository_practice の起動] INFO  o.eclipse.m2e.core.internal.Bundles - getClasspathEntries(Bundle=com.google.guava_32.1.2.jre [10])
2026-03-10 16:23:05,493 [Worker-29: Executing clean in C__git_repository_practice の起動] INFO  o.eclipse.m2e.core.internal.Bundles - 	Entry: C:\pleiades\2023-09\eclipse\plugins\com.google.guava_32.1.2.jre.jar
2026-03-10 16:23:05,493 [Worker-29: Executing clean in C__git_repository_practice の起動] INFO  o.eclipse.m2e.core.internal.Bundles - getClasspathEntries(Bundle=slf4j.api_2.0.7 [481])
2026-03-10 16:23:05,493 [Worker-29: Executing clean in C__git_repository_practice の起動] INFO  o.eclipse.m2e.core.internal.Bundles - 	Entry: C:\pleiades\2023-09\eclipse\plugins\slf4j.api_2.0.7.jar
2026-03-10 16:23:05,493 [Worker-29: Executing clean in C__git_repository_practice の起動] INFO  o.eclipse.m2e.core.internal.Bundles - getClasspathEntries(Bundle=javax.inject_1.0.0.v20220405-0441 [26])
2026-03-10 16:23:05,494 [Worker-29: Executing clean in C__git_repository_practice の起動] INFO  o.eclipse.m2e.core.internal.Bundles - 	Entry: C:\pleiades\2023-09\eclipse\plugins\javax.inject_1.0.0.v20220405-0441.jar
2026-03-10 16:23:05,494 [Worker-29: Executing clean in C__git_repository_practice の起動] INFO  o.eclipse.m2e.core.internal.Bundles - getClasspathEntries(Bundle=javax.annotation_1.3.5.v20200909-1856 [24])
2026-03-10 16:23:05,494 [Worker-29: Executing clean in C__git_repository_practice の起動] INFO  o.eclipse.m2e.core.internal.Bundles - 	Entry: C:\pleiades\2023-09\eclipse\plugins\javax.annotation_1.3.5.v20200909-1856.jar
2026-03-10 16:23:05,495 [Worker-29: Executing clean in C__git_repository_practice の起動] INFO  o.eclipse.m2e.core.internal.Bundles - getClasspathEntries(Bundle=org.apache.commons.cli_1.5.0 [49])
2026-03-10 16:23:05,495 [Worker-29: Executing clean in C__git_repository_practice の起動] INFO  o.eclipse.m2e.core.internal.Bundles - 	Entry: C:\pleiades\2023-09\eclipse\plugins\org.apache.commons.cli_1.5.0.jar
2026-03-10 16:23:05,496 [Worker-29: Executing clean in C__git_repository_practice の起動] INFO  o.eclipse.m2e.core.internal.Bundles - getClasspathEntries(Bundle=com.google.guava.failureaccess_1.0.1 [12])
2026-03-10 16:23:05,496 [Worker-29: Executing clean in C__git_repository_practice の起動] INFO  o.eclipse.m2e.core.internal.Bundles - 	Entry: C:\pleiades\2023-09\eclipse\plugins\com.google.guava.failureaccess_1.0.1.jar
2026-03-10 16:23:05,502 [Worker-29: Executing clean in C__git_repository_practice の起動] INFO  o.e.m.i.launch.MavenLaunchDelegate - Run build in "C:\git_repository\practice":
2026-03-10 16:23:05,503 [Worker-29: Executing clean in C__git_repository_practice の起動] INFO  o.e.m.i.launch.MavenLaunchDelegate -  mvn  -Ppom.xml -B -Dstyle.color=always clean
2026-03-10 16:23:24,510 [Worker-33: Executing install in C__git_repository_practice の起動] INFO  o.eclipse.m2e.core.internal.Bundles - getClasspathEntries(Bundle=org.eclipse.m2e.maven.runtime_3.9.400.20230826-0755 [295])
2026-03-10 16:23:24,511 [Worker-33: Executing install in C__git_repository_practice の起動] INFO  o.eclipse.m2e.core.internal.Bundles - 	Entry: C:\pleiades\2023-09\eclipse\plugins\org.eclipse.m2e.maven.runtime_3.9.400.20230826-0755
2026-03-10 16:23:24,512 [Worker-33: Executing install in C__git_repository_practice の起動] INFO  o.eclipse.m2e.core.internal.Bundles - 	Entry: C:\pleiades\2023-09\eclipse\plugins\org.eclipse.m2e.maven.runtime_3.9.400.20230826-0755\jars\aether-connector-okhttp-0.17.8.jar
2026-03-10 16:23:24,512 [Worker-33: Executing install in C__git_repository_practice の起動] INFO  o.eclipse.m2e.core.internal.Bundles - 	Entry: C:\pleiades\2023-09\eclipse\plugins\org.eclipse.m2e.maven.runtime_3.9.400.20230826-0755\jars\aopalliance-1.0.jar
2026-03-10 16:23:24,512 [Worker-33: Executing install in C__git_repository_practice の起動] INFO  o.eclipse.m2e.core.internal.Bundles - 	Entry: C:\pleiades\2023-09\eclipse\plugins\org.eclipse.m2e.maven.runtime_3.9.400.20230826-0755\jars\commons-lang3-3.12.0.jar
2026-03-10 16:23:24,512 [Worker-33: Executing install in C__git_repository_practice の起動] INFO  o.eclipse.m2e.core.internal.Bundles - 	Entry: C:\pleiades\2023-09\eclipse\plugins\org.eclipse.m2e.maven.runtime_3.9.400.20230826-0755\jars\guice-5.1.0.jar
2026-03-10 16:23:24,513 [Worker-33: Executing install in C__git_repository_practice の起動] INFO  o.eclipse.m2e.core.internal.Bundles - 	Entry: C:\pleiades\2023-09\eclipse\plugins\org.eclipse.m2e.maven.runtime_3.9.400.20230826-0755\jars\jansi-2.4.0.jar
2026-03-10 16:23:24,514 [Worker-33: Executing install in C__git_repository_practice の起動] INFO  o.eclipse.m2e.core.internal.Bundles - 	Entry: C:\pleiades\2023-09\eclipse\plugins\org.eclipse.m2e.maven.runtime_3.9.400.20230826-0755\jars\maven-artifact-3.9.4.jar
2026-03-10 16:23:24,514 [Worker-33: Executing install in C__git_repository_practice の起動] INFO  o.eclipse.m2e.core.internal.Bundles - 	Entry: C:\pleiades\2023-09\eclipse\plugins\org.eclipse.m2e.maven.runtime_3.9.400.20230826-0755\jars\maven-builder-support-3.9.4.jar
2026-03-10 16:23:24,514 [Worker-33: Executing install in C__git_repository_practice の起動] INFO  o.eclipse.m2e.core.internal.Bundles - 	Entry: C:\pleiades\2023-09\eclipse\plugins\org.eclipse.m2e.maven.runtime_3.9.400.20230826-0755\jars\maven-compat-3.9.4.jar
2026-03-10 16:23:24,515 [Worker-33: Executing install in C__git_repository_practice の起動] INFO  o.eclipse.m2e.core.internal.Bundles - 	Entry: C:\pleiades\2023-09\eclipse\plugins\org.eclipse.m2e.maven.runtime_3.9.400.20230826-0755\jars\maven-core-3.9.4.jar
2026-03-10 16:23:24,515 [Worker-33: Executing install in C__git_repository_practice の起動] INFO  o.eclipse.m2e.core.internal.Bundles - 	Entry: C:\pleiades\2023-09\eclipse\plugins\org.eclipse.m2e.maven.runtime_3.9.400.20230826-0755\jars\maven-embedder-3.9.4.jar
2026-03-10 16:23:24,515 [Worker-33: Executing install in C__git_repository_practice の起動] INFO  o.eclipse.m2e.core.internal.Bundles - 	Entry: C:\pleiades\2023-09\eclipse\plugins\org.eclipse.m2e.maven.runtime_3.9.400.20230826-0755\jars\maven-model-3.9.4.jar
2026-03-10 16:23:24,515 [Worker-33: Executing install in C__git_repository_practice の起動] INFO  o.eclipse.m2e.core.internal.Bundles - 	Entry: C:\pleiades\2023-09\eclipse\plugins\org.eclipse.m2e.maven.runtime_3.9.400.20230826-0755\jars\maven-model-builder-3.9.4.jar
2026-03-10 16:23:24,516 [Worker-33: Executing install in C__git_repository_practice の起動] INFO  o.eclipse.m2e.core.internal.Bundles - 	Entry: C:\pleiades\2023-09\eclipse\plugins\org.eclipse.m2e.maven.runtime_3.9.400.20230826-0755\jars\maven-plugin-api-3.9.4.jar
2026-03-10 16:23:24,516 [Worker-33: Executing install in C__git_repository_practice の起動] INFO  o.eclipse.m2e.core.internal.Bundles - 	Entry: C:\pleiades\2023-09\eclipse\plugins\org.eclipse.m2e.maven.runtime_3.9.400.20230826-0755\jars\maven-repository-metadata-3.9.4.jar
2026-03-10 16:23:24,517 [Worker-33: Executing install in C__git_repository_practice の起動] INFO  o.eclipse.m2e.core.internal.Bundles - 	Entry: C:\pleiades\2023-09\eclipse\plugins\org.eclipse.m2e.maven.runtime_3.9.400.20230826-0755\jars\maven-resolver-api-1.9.14.jar
2026-03-10 16:23:24,517 [Worker-33: Executing install in C__git_repository_practice の起動] INFO  o.eclipse.m2e.core.internal.Bundles - 	Entry: C:\pleiades\2023-09\eclipse\plugins\org.eclipse.m2e.maven.runtime_3.9.400.20230826-0755\jars\maven-resolver-connector-basic-1.9.14.jar
2026-03-10 16:23:24,517 [Worker-33: Executing install in C__git_repository_practice の起動] INFO  o.eclipse.m2e.core.internal.Bundles - 	Entry: C:\pleiades\2023-09\eclipse\plugins\org.eclipse.m2e.maven.runtime_3.9.400.20230826-0755\jars\maven-resolver-impl-1.9.14.jar
2026-03-10 16:23:24,518 [Worker-33: Executing install in C__git_repository_practice の起動] INFO  o.eclipse.m2e.core.internal.Bundles - 	Entry: C:\pleiades\2023-09\eclipse\plugins\org.eclipse.m2e.maven.runtime_3.9.400.20230826-0755\jars\maven-resolver-named-locks-1.9.14.jar
2026-03-10 16:23:24,518 [Worker-33: Executing install in C__git_repository_practice の起動] INFO  o.eclipse.m2e.core.internal.Bundles - 	Entry: C:\pleiades\2023-09\eclipse\plugins\org.eclipse.m2e.maven.runtime_3.9.400.20230826-0755\jars\maven-resolver-provider-3.9.4.jar
2026-03-10 16:23:24,519 [Worker-33: Executing install in C__git_repository_practice の起動] INFO  o.eclipse.m2e.core.internal.Bundles - 	Entry: C:\pleiades\2023-09\eclipse\plugins\org.eclipse.m2e.maven.runtime_3.9.400.20230826-0755\jars\maven-resolver-spi-1.9.14.jar
2026-03-10 16:23:24,519 [Worker-33: Executing install in C__git_repository_practice の起動] INFO  o.eclipse.m2e.core.internal.Bundles - 	Entry: C:\pleiades\2023-09\eclipse\plugins\org.eclipse.m2e.maven.runtime_3.9.400.20230826-0755\jars\maven-resolver-transport-wagon-1.9.14.jar
2026-03-10 16:23:24,519 [Worker-33: Executing install in C__git_repository_practice の起動] INFO  o.eclipse.m2e.core.internal.Bundles - 	Entry: C:\pleiades\2023-09\eclipse\plugins\org.eclipse.m2e.maven.runtime_3.9.400.20230826-0755\jars\maven-resolver-util-1.9.14.jar
2026-03-10 16:23:24,520 [Worker-33: Executing install in C__git_repository_practice の起動] INFO  o.eclipse.m2e.core.internal.Bundles - 	Entry: C:\pleiades\2023-09\eclipse\plugins\org.eclipse.m2e.maven.runtime_3.9.400.20230826-0755\jars\maven-settings-3.9.4.jar
2026-03-10 16:23:24,520 [Worker-33: Executing install in C__git_repository_practice の起動] INFO  o.eclipse.m2e.core.internal.Bundles - 	Entry: C:\pleiades\2023-09\eclipse\plugins\org.eclipse.m2e.maven.runtime_3.9.400.20230826-0755\jars\maven-settings-builder-3.9.4.jar
2026-03-10 16:23:24,520 [Worker-33: Executing install in C__git_repository_practice の起動] INFO  o.eclipse.m2e.core.internal.Bundles - 	Entry: C:\pleiades\2023-09\eclipse\plugins\org.eclipse.m2e.maven.runtime_3.9.400.20230826-0755\jars\maven-shared-utils-3.3.4.jar
2026-03-10 16:23:24,520 [Worker-33: Executing install in C__git_repository_practice の起動] INFO  o.eclipse.m2e.core.internal.Bundles - 	Entry: C:\pleiades\2023-09\eclipse\plugins\org.eclipse.m2e.maven.runtime_3.9.400.20230826-0755\jars\okhttp-3.14.1.jar
2026-03-10 16:23:24,521 [Worker-33: Executing install in C__git_repository_practice の起動] INFO  o.eclipse.m2e.core.internal.Bundles - 	Entry: C:\pleiades\2023-09\eclipse\plugins\org.eclipse.m2e.maven.runtime_3.9.400.20230826-0755\jars\okio-1.17.3.jar
2026-03-10 16:23:24,521 [Worker-33: Executing install in C__git_repository_practice の起動] INFO  o.eclipse.m2e.core.internal.Bundles - 	Entry: C:\pleiades\2023-09\eclipse\plugins\org.eclipse.m2e.maven.runtime_3.9.400.20230826-0755\jars\org.eclipse.sisu.inject-0.3.5.jar
2026-03-10 16:23:24,521 [Worker-33: Executing install in C__git_repository_practice の起動] INFO  o.eclipse.m2e.core.internal.Bundles - 	Entry: C:\pleiades\2023-09\eclipse\plugins\org.eclipse.m2e.maven.runtime_3.9.400.20230826-0755\jars\org.eclipse.sisu.plexus-0.3.5.jar
2026-03-10 16:23:24,521 [Worker-33: Executing install in C__git_repository_practice の起動] INFO  o.eclipse.m2e.core.internal.Bundles - 	Entry: C:\pleiades\2023-09\eclipse\plugins\org.eclipse.m2e.maven.runtime_3.9.400.20230826-0755\jars\plexus-build-api-0.0.7.jar
2026-03-10 16:23:24,521 [Worker-33: Executing install in C__git_repository_practice の起動] INFO  o.eclipse.m2e.core.internal.Bundles - 	Entry: C:\pleiades\2023-09\eclipse\plugins\org.eclipse.m2e.maven.runtime_3.9.400.20230826-0755\jars\plexus-cipher-2.0.jar
2026-03-10 16:23:24,523 [Worker-33: Executing install in C__git_repository_practice の起動] INFO  o.eclipse.m2e.core.internal.Bundles - 	Entry: C:\pleiades\2023-09\eclipse\plugins\org.eclipse.m2e.maven.runtime_3.9.400.20230826-0755\jars\plexus-classworlds-2.7.0.jar
2026-03-10 16:23:24,523 [Worker-33: Executing install in C__git_repository_practice の起動] INFO  o.eclipse.m2e.core.internal.Bundles - 	Entry: C:\pleiades\2023-09\eclipse\plugins\org.eclipse.m2e.maven.runtime_3.9.400.20230826-0755\jars\plexus-component-annotations-2.1.0.jar
2026-03-10 16:23:24,523 [Worker-33: Executing install in C__git_repository_practice の起動] INFO  o.eclipse.m2e.core.internal.Bundles - 	Entry: C:\pleiades\2023-09\eclipse\plugins\org.eclipse.m2e.maven.runtime_3.9.400.20230826-0755\jars\plexus-interpolation-1.26.jar
2026-03-10 16:23:24,523 [Worker-33: Executing install in C__git_repository_practice の起動] INFO  o.eclipse.m2e.core.internal.Bundles - 	Entry: C:\pleiades\2023-09\eclipse\plugins\org.eclipse.m2e.maven.runtime_3.9.400.20230826-0755\jars\plexus-sec-dispatcher-2.0.jar
2026-03-10 16:23:24,524 [Worker-33: Executing install in C__git_repository_practice の起動] INFO  o.eclipse.m2e.core.internal.Bundles - 	Entry: C:\pleiades\2023-09\eclipse\plugins\org.eclipse.m2e.maven.runtime_3.9.400.20230826-0755\jars\plexus-utils-3.5.1.jar
2026-03-10 16:23:24,524 [Worker-33: Executing install in C__git_repository_practice の起動] INFO  o.eclipse.m2e.core.internal.Bundles - 	Entry: C:\pleiades\2023-09\eclipse\plugins\org.eclipse.m2e.maven.runtime_3.9.400.20230826-0755\jars\wagon-file-3.5.3.jar
2026-03-10 16:23:24,524 [Worker-33: Executing install in C__git_repository_practice の起動] INFO  o.eclipse.m2e.core.internal.Bundles - 	Entry: C:\pleiades\2023-09\eclipse\plugins\org.eclipse.m2e.maven.runtime_3.9.400.20230826-0755\jars\wagon-provider-api-3.5.3.jar
2026-03-10 16:23:24,525 [Worker-33: Executing install in C__git_repository_practice の起動] INFO  o.eclipse.m2e.core.internal.Bundles - getClasspathEntries(Bundle=com.google.guava_32.1.2.jre [10])
2026-03-10 16:23:24,526 [Worker-33: Executing install in C__git_repository_practice の起動] INFO  o.eclipse.m2e.core.internal.Bundles - 	Entry: C:\pleiades\2023-09\eclipse\plugins\com.google.guava_32.1.2.jre.jar
2026-03-10 16:23:24,526 [Worker-33: Executing install in C__git_repository_practice の起動] INFO  o.eclipse.m2e.core.internal.Bundles - getClasspathEntries(Bundle=slf4j.api_2.0.7 [481])
2026-03-10 16:23:24,526 [Worker-33: Executing install in C__git_repository_practice の起動] INFO  o.eclipse.m2e.core.internal.Bundles - 	Entry: C:\pleiades\2023-09\eclipse\plugins\slf4j.api_2.0.7.jar
2026-03-10 16:23:24,526 [Worker-33: Executing install in C__git_repository_practice の起動] INFO  o.eclipse.m2e.core.internal.Bundles - getClasspathEntries(Bundle=javax.inject_1.0.0.v20220405-0441 [26])
2026-03-10 16:23:24,526 [Worker-33: Executing install in C__git_repository_practice の起動] INFO  o.eclipse.m2e.core.internal.Bundles - 	Entry: C:\pleiades\2023-09\eclipse\plugins\javax.inject_1.0.0.v20220405-0441.jar
2026-03-10 16:23:24,526 [Worker-33: Executing install in C__git_repository_practice の起動] INFO  o.eclipse.m2e.core.internal.Bundles - getClasspathEntries(Bundle=javax.annotation_1.3.5.v20200909-1856 [24])
2026-03-10 16:23:24,527 [Worker-33: Executing install in C__git_repository_practice の起動] INFO  o.eclipse.m2e.core.internal.Bundles - 	Entry: C:\pleiades\2023-09\eclipse\plugins\javax.annotation_1.3.5.v20200909-1856.jar
2026-03-10 16:23:24,527 [Worker-33: Executing install in C__git_repository_practice の起動] INFO  o.eclipse.m2e.core.internal.Bundles - getClasspathEntries(Bundle=org.apache.commons.cli_1.5.0 [49])
2026-03-10 16:23:24,527 [Worker-33: Executing install in C__git_repository_practice の起動] INFO  o.eclipse.m2e.core.internal.Bundles - 	Entry: C:\pleiades\2023-09\eclipse\plugins\org.apache.commons.cli_1.5.0.jar
2026-03-10 16:23:24,527 [Worker-33: Executing install in C__git_repository_practice の起動] INFO  o.eclipse.m2e.core.internal.Bundles - getClasspathEntries(Bundle=com.google.guava.failureaccess_1.0.1 [12])
2026-03-10 16:23:24,528 [Worker-33: Executing install in C__git_repository_practice の起動] INFO  o.eclipse.m2e.core.internal.Bundles - 	Entry: C:\pleiades\2023-09\eclipse\plugins\com.google.guava.failureaccess_1.0.1.jar
2026-03-10 16:23:24,530 [Worker-33: Executing install in C__git_repository_practice の起動] INFO  o.e.m.i.launch.MavenLaunchDelegate - Run build in "C:\git_repository\practice":
2026-03-10 16:23:24,530 [Worker-33: Executing install in C__git_repository_practice の起動] INFO  o.e.m.i.launch.MavenLaunchDelegate -  mvn  -Ppom.xml -B -Dstyle.color=always install
2026-03-10 16:25:53,394 [Worker-28: ビルド] INFO  o.a.m.s.f.DefaultMavenResourcesFiltering - Copying 1 resource from src\main\resources to target\classes
2026-03-10 16:25:53,439 [Worker-28: ビルド] INFO  o.a.m.s.f.DefaultMavenResourcesFiltering - Copying 18 resources from src\main\resources to target\classes
2026-03-10 16:25:53,461 [Worker-28: ビルド] INFO  o.a.m.s.f.DefaultMavenResourcesFiltering - skip non existing resourceDirectory C:\git_repository\practice\src\test\resources
2026-03-10 16:26:19,137 [Worker-29: ビルド] INFO  o.a.m.s.f.DefaultMavenResourcesFiltering - Copying 1 resource from src\main\resources to target\classes
2026-03-10 16:26:19,151 [Worker-29: ビルド] INFO  o.a.m.s.f.DefaultMavenResourcesFiltering - Copying 18 resources from src\main\resources to target\classes
2026-03-10 16:26:19,166 [Worker-29: ビルド] INFO  o.a.m.s.f.DefaultMavenResourcesFiltering - skip non existing resourceDirectory C:\git_repository\practice\src\test\resources
2026-03-10 16:26:42,003 [Worker-24: ビルド] INFO  o.a.m.s.f.DefaultMavenResourcesFiltering - Copying 1 resource from src\main\resources to target\classes
2026-03-10 16:26:42,017 [Worker-24: ビルド] INFO  o.a.m.s.f.DefaultMavenResourcesFiltering - Copying 18 resources from src\main\resources to target\classes
2026-03-10 16:26:42,037 [Worker-24: ビルド] INFO  o.a.m.s.f.DefaultMavenResourcesFiltering - skip non existing resourceDirectory C:\git_repository\practice\src\test\resources
2026-03-10 16:27:34,474 [Worker-33: ビルド] INFO  o.a.m.s.f.DefaultMavenResourcesFiltering - Copying 1 resource from src\main\resources to target\classes
2026-03-10 16:27:34,491 [Worker-33: ビルド] INFO  o.a.m.s.f.DefaultMavenResourcesFiltering - Copying 18 resources from src\main\resources to target\classes
2026-03-10 16:27:34,513 [Worker-33: ビルド] INFO  o.a.m.s.f.DefaultMavenResourcesFiltering - skip non existing resourceDirectory C:\git_repository\practice\src\test\resources
2026-03-10 16:28:26,941 [Worker-29: ビルド] INFO  o.a.m.s.f.DefaultMavenResourcesFiltering - Copying 1 resource from src\main\resources to target\classes
2026-03-10 16:28:26,953 [Worker-29: ビルド] INFO  o.a.m.s.f.DefaultMavenResourcesFiltering - Copying 18 resources from src\main\resources to target\classes
2026-03-10 16:28:26,970 [Worker-29: ビルド] INFO  o.a.m.s.f.DefaultMavenResourcesFiltering - skip non existing resourceDirectory C:\git_repository\practice\src\test\resources
2026-03-10 16:28:39,953 [Worker-34: ビルド] INFO  o.a.m.s.f.DefaultMavenResourcesFiltering - Copying 1 resource from src\main\resources to target\classes
2026-03-10 16:28:39,963 [Worker-34: ビルド] INFO  o.a.m.s.f.DefaultMavenResourcesFiltering - Copying 18 resources from src\main\resources to target\classes
2026-03-10 16:28:39,980 [Worker-34: ビルド] INFO  o.a.m.s.f.DefaultMavenResourcesFiltering - skip non existing resourceDirectory C:\git_repository\practice\src\test\resources
2026-03-10 16:29:21,698 [Worker-29: ビルド] INFO  o.a.m.s.f.DefaultMavenResourcesFiltering - Copying 1 resource from src\main\resources to target\classes
2026-03-10 16:29:21,710 [Worker-29: ビルド] INFO  o.a.m.s.f.DefaultMavenResourcesFiltering - Copying 18 resources from src\main\resources to target\classes
2026-03-10 16:29:21,728 [Worker-29: ビルド] INFO  o.a.m.s.f.DefaultMavenResourcesFiltering - skip non existing resourceDirectory C:\git_repository\practice\src\test\resources
2026-03-10 16:30:09,484 [Worker-24: ビルド] INFO  o.a.m.s.f.DefaultMavenResourcesFiltering - Copying 1 resource from src\main\resources to target\classes
2026-03-10 16:30:09,494 [Worker-24: ビルド] INFO  o.a.m.s.f.DefaultMavenResourcesFiltering - Copying 18 resources from src\main\resources to target\classes
2026-03-10 16:30:09,509 [Worker-24: ビルド] INFO  o.a.m.s.f.DefaultMavenResourcesFiltering - skip non existing resourceDirectory C:\git_repository\practice\src\test\resources
2026-03-10 16:30:32,535 [Worker-24: ビルド] INFO  o.a.m.s.f.DefaultMavenResourcesFiltering - Copying 1 resource from src\main\resources to target\classes
2026-03-10 16:30:32,563 [Worker-24: ビルド] INFO  o.a.m.s.f.DefaultMavenResourcesFiltering - Copying 18 resources from src\main\resources to target\classes
2026-03-10 16:30:32,583 [Worker-24: ビルド] INFO  o.a.m.s.f.DefaultMavenResourcesFiltering - skip non existing resourceDirectory C:\git_repository\practice\src\test\resources
2026-03-10 16:32:27,020 [Worker-29: ビルド] INFO  o.a.m.s.f.DefaultMavenResourcesFiltering - Copying 1 resource from src\main\resources to target\classes
2026-03-10 16:32:27,031 [Worker-29: ビルド] INFO  o.a.m.s.f.DefaultMavenResourcesFiltering - Copying 18 resources from src\main\resources to target\classes
2026-03-10 16:32:27,045 [Worker-29: ビルド] INFO  o.a.m.s.f.DefaultMavenResourcesFiltering - skip non existing resourceDirectory C:\git_repository\practice\src\test\resources
2026-03-10 16:37:19,360 [Worker-36: ビルド] INFO  o.a.m.s.f.DefaultMavenResourcesFiltering - Copying 1 resource from src\main\resources to target\classes
2026-03-10 16:37:19,371 [Worker-36: ビルド] INFO  o.a.m.s.f.DefaultMavenResourcesFiltering - Copying 18 resources from src\main\resources to target\classes
2026-03-10 16:37:19,389 [Worker-36: ビルド] INFO  o.a.m.s.f.DefaultMavenResourcesFiltering - skip non existing resourceDirectory C:\git_repository\practice\src\test\resources
2026-03-10 16:40:16,765 [Worker-36: ビルド] INFO  o.a.m.s.f.DefaultMavenResourcesFiltering - Copying 1 resource from src\main\resources to target\classes
2026-03-10 16:40:16,777 [Worker-36: ビルド] INFO  o.a.m.s.f.DefaultMavenResourcesFiltering - Copying 18 resources from src\main\resources to target\classes
2026-03-10 16:40:16,799 [Worker-36: ビルド] INFO  o.a.m.s.f.DefaultMavenResourcesFiltering - skip non existing resourceDirectory C:\git_repository\practice\src\test\resources
2026-03-10 16:41:04,789 [Worker-36: ビルド] INFO  o.a.m.s.f.DefaultMavenResourcesFiltering - Copying 1 resource from src\main\resources to target\classes
2026-03-10 16:41:04,799 [Worker-36: ビルド] INFO  o.a.m.s.f.DefaultMavenResourcesFiltering - Copying 18 resources from src\main\resources to target\classes
2026-03-10 16:41:04,810 [Worker-36: ビルド] INFO  o.a.m.s.f.DefaultMavenResourcesFiltering - skip non existing resourceDirectory C:\git_repository\practice\src\test\resources
2026-03-10 16:41:33,173 [Worker-38: ビルド] INFO  o.a.m.s.f.DefaultMavenResourcesFiltering - Copying 1 resource from src\main\resources to target\classes
2026-03-10 16:41:33,185 [Worker-38: ビルド] INFO  o.a.m.s.f.DefaultMavenResourcesFiltering - Copying 18 resources from src\main\resources to target\classes
2026-03-10 16:41:33,201 [Worker-38: ビルド] INFO  o.a.m.s.f.DefaultMavenResourcesFiltering - skip non existing resourceDirectory C:\git_repository\practice\src\test\resources
2026-03-10 16:42:17,266 [Worker-29: ビルド] INFO  o.a.m.s.f.DefaultMavenResourcesFiltering - Copying 1 resource from src\main\resources to target\classes
2026-03-10 16:42:17,284 [Worker-29: ビルド] INFO  o.a.m.s.f.DefaultMavenResourcesFiltering - Copying 18 resources from src\main\resources to target\classes
2026-03-10 16:42:17,309 [Worker-29: ビルド] INFO  o.a.m.s.f.DefaultMavenResourcesFiltering - skip non existing resourceDirectory C:\git_repository\practice\src\test\resources
2026-03-10 16:45:49,826 [Worker-24: ビルド] INFO  o.a.m.s.f.DefaultMavenResourcesFiltering - Copying 1 resource from src\main\resources to target\classes
2026-03-10 16:45:49,836 [Worker-24: ビルド] INFO  o.a.m.s.f.DefaultMavenResourcesFiltering - Copying 18 resources from src\main\resources to target\classes
2026-03-10 16:45:49,847 [Worker-24: ビルド] INFO  o.a.m.s.f.DefaultMavenResourcesFiltering - skip non existing resourceDirectory C:\git_repository\practice\src\test\resources
2026-03-10 16:49:18,049 [Worker-36: ビルド] INFO  o.a.m.s.f.DefaultMavenResourcesFiltering - Copying 1 resource from src\main\resources to target\classes
2026-03-10 16:49:18,061 [Worker-36: ビルド] INFO  o.a.m.s.f.DefaultMavenResourcesFiltering - Copying 18 resources from src\main\resources to target\classes
2026-03-10 16:49:18,080 [Worker-36: ビルド] INFO  o.a.m.s.f.DefaultMavenResourcesFiltering - skip non existing resourceDirectory C:\git_repository\practice\src\test\resources
2026-03-10 16:50:06,832 [Worker-39: ビルド] INFO  o.a.m.s.f.DefaultMavenResourcesFiltering - Copying 1 resource from src\main\resources to target\classes
2026-03-10 16:50:06,855 [Worker-39: ビルド] INFO  o.a.m.s.f.DefaultMavenResourcesFiltering - Copying 18 resources from src\main\resources to target\classes
2026-03-10 16:50:06,875 [Worker-39: ビルド] INFO  o.a.m.s.f.DefaultMavenResourcesFiltering - skip non existing resourceDirectory C:\git_repository\practice\src\test\resources
2026-03-10 16:59:20,701 [Worker-37: ビルド] INFO  o.a.m.s.f.DefaultMavenResourcesFiltering - Copying 0 resource from src\main\resources to target\classes
2026-03-10 16:59:20,709 [Worker-37: ビルド] INFO  o.a.m.s.f.DefaultMavenResourcesFiltering - Copying 1 resource from src\main\resources to target\classes
2026-03-10 16:59:20,722 [Worker-37: ビルド] INFO  o.a.m.s.f.DefaultMavenResourcesFiltering - skip non existing resourceDirectory C:\git_repository\practice\src\test\resources
2026-03-10 17:03:27,478 [Worker-37: ビルド] INFO  o.a.m.s.f.DefaultMavenResourcesFiltering - Copying 0 resource from src\main\resources to target\classes
2026-03-10 17:03:27,487 [Worker-37: ビルド] INFO  o.a.m.s.f.DefaultMavenResourcesFiltering - Copying 1 resource from src\main\resources to target\classes
2026-03-10 17:03:27,492 [Worker-37: ビルド] INFO  o.a.m.s.f.DefaultMavenResourcesFiltering - skip non existing resourceDirectory C:\git_repository\practice\src\test\resources
2026-03-10 17:05:05,119 [Worker-40: ビルド] INFO  o.a.m.s.f.DefaultMavenResourcesFiltering - Copying 0 resource from src\main\resources to target\classes
2026-03-10 17:05:05,131 [Worker-40: ビルド] INFO  o.a.m.s.f.DefaultMavenResourcesFiltering - Copying 1 resource from src\main\resources to target\classes
2026-03-10 17:05:05,140 [Worker-40: ビルド] INFO  o.a.m.s.f.DefaultMavenResourcesFiltering - skip non existing resourceDirectory C:\git_repository\practice\src\test\resources
2026-03-10 17:05:40,456 [Worker-40: ビルド] INFO  o.a.m.s.f.DefaultMavenResourcesFiltering - Copying 1 resource from src\main\resources to target\classes
2026-03-10 17:05:40,476 [Worker-40: ビルド] INFO  o.a.m.s.f.DefaultMavenResourcesFiltering - Copying 19 resources from src\main\resources to target\classes
2026-03-10 17:05:40,536 [Worker-40: ビルド] INFO  o.a.m.s.f.DefaultMavenResourcesFiltering - skip non existing resourceDirectory C:\git_repository\practice\src\test\resources
